This is pdfTeX, Version 3.141592653-2.6-1.40.26 (TeX Live 2024) (preloaded format=pdflatex 2024.6.14)  29 SEP 2025 12:29
entering extended mode
 restricted \write18 enabled.
 file:line:error style messages enabled.
 %&-line parsing enabled.
**/Users/brunobarbieri/Documents/Uni/master/first/second_sem/dm2/dm2_project/report/main.tex
(/Users/brunobarbieri/Documents/Uni/master/first/second_sem/dm2/dm2_project/report/main.tex
LaTeX2e <2023-11-01> patch level 1
L3 programming layer <2024-02-20>
(/usr/local/texlive/2024/texmf-dist/tex/latex/base/article.cls
Document Class: article 2023/05/17 v1.4n Standard LaTeX document class
(/usr/local/texlive/2024/texmf-dist/tex/latex/base/size10.clo
File: size10.clo 2023/05/17 v1.4n Standard LaTeX file (size option)
)
\c@part=\count188
\c@section=\count189
\c@subsection=\count190
\c@subsubsection=\count191
\c@paragraph=\count192
\c@subparagraph=\count193
\c@figure=\count194
\c@table=\count195
\abovecaptionskip=\skip48
\belowcaptionskip=\skip49
\bibindent=\dimen140
) (/usr/local/texlive/2024/texmf-dist/tex/latex/base/fontenc.sty
Package: fontenc 2021/04/29 v2.0v Standard LaTeX package
) (/usr/local/texlive/2024/texmf-dist/tex/latex/base/inputenc.sty
Package: inputenc 2021/02/14 v1.3d Input encoding file
\inpenc@prehook=\toks17
\inpenc@posthook=\toks18
) (/usr/local/texlive/2024/texmf-dist/tex/generic/babel/babel.sty
Package: babel 2024/11/30 v24.14 The multilingual framework for pdfLaTeX, LuaLaTeX and XeLaTeX
\babel@savecnt=\count196
\U@D=\dimen141
\l@unhyphenated=\language89
 (/usr/local/texlive/2024/texmf-dist/tex/generic/babel/txtbabel.def)
\bbl@readstream=\read2
\bbl@dirlevel=\count197
 (/usr/local/texlive/2024/texmf-dist/tex/generic/babel-english/english.ldf
Language: english 2017/06/06 v3.3r English support from the babel system
Package babel Info: Hyphen rules for 'canadian' set to \l@english
(babel)             (\language0). Reported on input line 102.
Package babel Info: Hyphen rules for 'australian' set to \l@ukenglish
(babel)             (\language23). Reported on input line 105.
Package babel Info: Hyphen rules for 'newzealand' set to \l@ukenglish
(babel)             (\language23). Reported on input line 108.
)) (/usr/local/texlive/2024/texmf-dist/tex/generic/babel/locale/en/babel-english.tex
Package babel Info: Importing font and identification data for english
(babel)             from babel-en.ini. Reported on input line 11.
) (/usr/local/texlive/2024/texmf-dist/tex/latex/lm/lmodern.sty
Package: lmodern 2015/05/01 v1.6.1 Latin Modern Fonts
LaTeX Font Info:    Overwriting symbol font `operators' in version `normal'
(Font)                  OT1/cmr/m/n --> OT1/lmr/m/n on input line 22.
LaTeX Font Info:    Overwriting symbol font `letters' in version `normal'
(Font)                  OML/cmm/m/it --> OML/lmm/m/it on input line 23.
LaTeX Font Info:    Overwriting symbol font `symbols' in version `normal'
(Font)                  OMS/cmsy/m/n --> OMS/lmsy/m/n on input line 24.
LaTeX Font Info:    Overwriting symbol font `largesymbols' in version `normal'
(Font)                  OMX/cmex/m/n --> OMX/lmex/m/n on input line 25.
LaTeX Font Info:    Overwriting symbol font `operators' in version `bold'
(Font)                  OT1/cmr/bx/n --> OT1/lmr/bx/n on input line 26.
LaTeX Font Info:    Overwriting symbol font `letters' in version `bold'
(Font)                  OML/cmm/b/it --> OML/lmm/b/it on input line 27.
LaTeX Font Info:    Overwriting symbol font `symbols' in version `bold'
(Font)                  OMS/cmsy/b/n --> OMS/lmsy/b/n on input line 28.
LaTeX Font Info:    Overwriting symbol font `largesymbols' in version `bold'
(Font)                  OMX/cmex/m/n --> OMX/lmex/m/n on input line 29.
LaTeX Font Info:    Overwriting math alphabet `\mathbf' in version `normal'
(Font)                  OT1/cmr/bx/n --> OT1/lmr/bx/n on input line 31.
LaTeX Font Info:    Overwriting math alphabet `\mathsf' in version `normal'
(Font)                  OT1/cmss/m/n --> OT1/lmss/m/n on input line 32.
LaTeX Font Info:    Overwriting math alphabet `\mathit' in version `normal'
(Font)                  OT1/cmr/m/it --> OT1/lmr/m/it on input line 33.
LaTeX Font Info:    Overwriting math alphabet `\mathtt' in version `normal'
(Font)                  OT1/cmtt/m/n --> OT1/lmtt/m/n on input line 34.
LaTeX Font Info:    Overwriting math alphabet `\mathbf' in version `bold'
(Font)                  OT1/cmr/bx/n --> OT1/lmr/bx/n on input line 35.
LaTeX Font Info:    Overwriting math alphabet `\mathsf' in version `bold'
(Font)                  OT1/cmss/bx/n --> OT1/lmss/bx/n on input line 36.
LaTeX Font Info:    Overwriting math alphabet `\mathit' in version `bold'
(Font)                  OT1/cmr/bx/it --> OT1/lmr/bx/it on input line 37.
LaTeX Font Info:    Overwriting math alphabet `\mathtt' in version `bold'
(Font)                  OT1/cmtt/m/n --> OT1/lmtt/m/n on input line 38.
) (/usr/local/texlive/2024/texmf-dist/tex/latex/url/url.sty
\Urlmuskip=\muskip16
Package: url 2013/09/16  ver 3.4  Verb mode for urls, etc.
) (/usr/local/texlive/2024/texmf-dist/tex/latex/graphics/graphicx.sty
Package: graphicx 2021/09/16 v1.2d Enhanced LaTeX Graphics (DPC,SPQR)
 (/usr/local/texlive/2024/texmf-dist/tex/latex/graphics/keyval.sty
Package: keyval 2022/05/29 v1.15 key=value parser (DPC)
\KV@toks@=\toks19
) (/usr/local/texlive/2024/texmf-dist/tex/latex/graphics/graphics.sty
Package: graphics 2022/03/10 v1.4e Standard LaTeX Graphics (DPC,SPQR)
 (/usr/local/texlive/2024/texmf-dist/tex/latex/graphics/trig.sty
Package: trig 2021/08/11 v1.11 sin cos tan (DPC)
) (/usr/local/texlive/2024/texmf-dist/tex/latex/graphics-cfg/graphics.cfg
File: graphics.cfg 2016/06/04 v1.11 sample graphics configuration
)
Package graphics Info: Driver file: pdftex.def on input line 107.
 (/usr/local/texlive/2024/texmf-dist/tex/latex/graphics-def/pdftex.def
File: pdftex.def 2022/09/22 v1.2b Graphics/color driver for pdftex
))
\Gin@req@height=\dimen142
\Gin@req@width=\dimen143
) (/usr/local/texlive/2024/texmf-dist/tex/latex/booktabs/booktabs.sty
Package: booktabs 2020/01/12 v1.61803398 Publication quality tables
\heavyrulewidth=\dimen144
\lightrulewidth=\dimen145
\cmidrulewidth=\dimen146
\belowrulesep=\dimen147
\belowbottomsep=\dimen148
\aboverulesep=\dimen149
\abovetopsep=\dimen150
\cmidrulesep=\dimen151
\cmidrulekern=\dimen152
\defaultaddspace=\dimen153
\@cmidla=\count198
\@cmidlb=\count199
\@aboverulesep=\dimen154
\@belowrulesep=\dimen155
\@thisruleclass=\count266
\@lastruleclass=\count267
\@thisrulewidth=\dimen156
) (/usr/local/texlive/2024/texmf-dist/tex/latex/caption/caption.sty
Package: caption 2023/08/05 v3.6o Customizing captions (AR)
 (/usr/local/texlive/2024/texmf-dist/tex/latex/caption/caption3.sty
Package: caption3 2023/07/31 v2.4d caption3 kernel (AR)
\caption@tempdima=\dimen157
\captionmargin=\dimen158
\caption@leftmargin=\dimen159
\caption@rightmargin=\dimen160
\caption@width=\dimen161
\caption@indent=\dimen162
\caption@parindent=\dimen163
\caption@hangindent=\dimen164
Package caption Info: Standard document class detected.
)
\c@caption@flags=\count268
\c@continuedfloat=\count269
) (/usr/local/texlive/2024/texmf-dist/tex/latex/caption/subcaption.sty
Package: subcaption 2023/07/28 v1.6b Sub-captions (AR)
Package caption Info: New subtype `subfigure' on input line 238.
\c@subfigure=\count270
Package caption Info: New subtype `subtable' on input line 238.
\c@subtable=\count271
) (/usr/local/texlive/2024/texmf-dist/tex/latex/hyperref/hyperref.sty
Package: hyperref 2024-01-20 v7.01h Hypertext links for LaTeX
 (/usr/local/texlive/2024/texmf-dist/tex/generic/iftex/iftex.sty
Package: iftex 2022/02/03 v1.0f TeX engine tests
) (/usr/local/texlive/2024/texmf-dist/tex/latex/kvsetkeys/kvsetkeys.sty
Package: kvsetkeys 2022-10-05 v1.19 Key value parser (HO)
) (/usr/local/texlive/2024/texmf-dist/tex/generic/kvdefinekeys/kvdefinekeys.sty
Package: kvdefinekeys 2019-12-19 v1.6 Define keys (HO)
) (/usr/local/texlive/2024/texmf-dist/tex/generic/pdfescape/pdfescape.sty
Package: pdfescape 2019/12/09 v1.15 Implements pdfTeX's escape features (HO)
 (/usr/local/texlive/2024/texmf-dist/tex/generic/ltxcmds/ltxcmds.sty
Package: ltxcmds 2023-12-04 v1.26 LaTeX kernel commands for general use (HO)
) (/usr/local/texlive/2024/texmf-dist/tex/generic/pdftexcmds/pdftexcmds.sty
Package: pdftexcmds 2020-06-27 v0.33 Utility functions of pdfTeX for LuaTeX (HO)
 (/usr/local/texlive/2024/texmf-dist/tex/generic/infwarerr/infwarerr.sty
Package: infwarerr 2019/12/03 v1.5 Providing info/warning/error messages (HO)
)
Package pdftexcmds Info: \pdf@primitive is available.
Package pdftexcmds Info: \pdf@ifprimitive is available.
Package pdftexcmds Info: \pdfdraftmode found.
)) (/usr/local/texlive/2024/texmf-dist/tex/latex/hycolor/hycolor.sty
Package: hycolor 2020-01-27 v1.10 Color options for hyperref/bookmark (HO)
) (/usr/local/texlive/2024/texmf-dist/tex/latex/auxhook/auxhook.sty
Package: auxhook 2019-12-17 v1.6 Hooks for auxiliary files (HO)
) (/usr/local/texlive/2024/texmf-dist/tex/latex/hyperref/nameref.sty
Package: nameref 2023-11-26 v2.56 Cross-referencing by name of section
 (/usr/local/texlive/2024/texmf-dist/tex/latex/refcount/refcount.sty
Package: refcount 2019/12/15 v3.6 Data extraction from label references (HO)
) (/usr/local/texlive/2024/texmf-dist/tex/generic/gettitlestring/gettitlestring.sty
Package: gettitlestring 2019/12/15 v1.6 Cleanup title references (HO)
 (/usr/local/texlive/2024/texmf-dist/tex/latex/kvoptions/kvoptions.sty
Package: kvoptions 2022-06-15 v3.15 Key value format for package options (HO)
))
\c@section@level=\count272
) (/usr/local/texlive/2024/texmf-dist/tex/latex/etoolbox/etoolbox.sty
Package: etoolbox 2020/10/05 v2.5k e-TeX tools for LaTeX (JAW)
\etb@tempcnta=\count273
)
\@linkdim=\dimen165
\Hy@linkcounter=\count274
\Hy@pagecounter=\count275
 (/usr/local/texlive/2024/texmf-dist/tex/latex/hyperref/pd1enc.def
File: pd1enc.def 2024-01-20 v7.01h Hyperref: PDFDocEncoding definition (HO)
Now handling font encoding PD1 ...
... no UTF-8 mapping file for font encoding PD1
) (/usr/local/texlive/2024/texmf-dist/tex/generic/intcalc/intcalc.sty
Package: intcalc 2019/12/15 v1.3 Expandable calculations with integers (HO)
)
\Hy@SavedSpaceFactor=\count276
 (/usr/local/texlive/2024/texmf-dist/tex/latex/hyperref/puenc.def
File: puenc.def 2024-01-20 v7.01h Hyperref: PDF Unicode definition (HO)
Now handling font encoding PU ...
... no UTF-8 mapping file for font encoding PU
)
Package hyperref Info: Hyper figures OFF on input line 4179.
Package hyperref Info: Link nesting OFF on input line 4184.
Package hyperref Info: Hyper index ON on input line 4187.
Package hyperref Info: Plain pages OFF on input line 4194.
Package hyperref Info: Backreferencing OFF on input line 4199.
Package hyperref Info: Implicit mode ON; LaTeX internals redefined.
Package hyperref Info: Bookmarks ON on input line 4446.
\c@Hy@tempcnt=\count277
LaTeX Info: Redefining \url on input line 4784.
\XeTeXLinkMargin=\dimen166
 (/usr/local/texlive/2024/texmf-dist/tex/generic/bitset/bitset.sty
Package: bitset 2019/12/09 v1.3 Handle bit-vector datatype (HO)
 (/usr/local/texlive/2024/texmf-dist/tex/generic/bigintcalc/bigintcalc.sty
Package: bigintcalc 2019/12/15 v1.5 Expandable calculations on big integers (HO)
))
\Fld@menulength=\count278
\Field@Width=\dimen167
\Fld@charsize=\dimen168
Package hyperref Info: Hyper figures OFF on input line 6063.
Package hyperref Info: Link nesting OFF on input line 6068.
Package hyperref Info: Hyper index ON on input line 6071.
Package hyperref Info: backreferencing OFF on input line 6078.
Package hyperref Info: Link coloring OFF on input line 6083.
Package hyperref Info: Link coloring with OCG OFF on input line 6088.
Package hyperref Info: PDF/A mode OFF on input line 6093.
 (/usr/local/texlive/2024/texmf-dist/tex/latex/base/atbegshi-ltx.sty
Package: atbegshi-ltx 2021/01/10 v1.0c Emulation of the original atbegshi
package with kernel methods
)
\Hy@abspage=\count279
\c@Item=\count280
\c@Hfootnote=\count281
)
Package hyperref Info: Driver (autodetected): hpdftex.
 (/usr/local/texlive/2024/texmf-dist/tex/latex/hyperref/hpdftex.def
File: hpdftex.def 2024-01-20 v7.01h Hyperref driver for pdfTeX
 (/usr/local/texlive/2024/texmf-dist/tex/latex/base/atveryend-ltx.sty
Package: atveryend-ltx 2020/08/19 v1.0a Emulation of the original atveryend package
with kernel methods
)
\Fld@listcount=\count282
\c@bookmark@seq@number=\count283
 (/usr/local/texlive/2024/texmf-dist/tex/latex/rerunfilecheck/rerunfilecheck.sty
Package: rerunfilecheck 2022-07-10 v1.10 Rerun checks for auxiliary files (HO)
 (/usr/local/texlive/2024/texmf-dist/tex/generic/uniquecounter/uniquecounter.sty
Package: uniquecounter 2019/12/15 v1.4 Provide unlimited unique counter (HO)
)
Package uniquecounter Info: New unique counter `rerunfilecheck' on input line 285.
)
\Hy@SectionHShift=\skip50
) (/usr/local/texlive/2024/texmf-dist/tex/latex/tools/array.sty
Package: array 2023/10/16 v2.5g Tabular extension package (FMi)
\col@sep=\dimen169
\ar@mcellbox=\box51
\extrarowheight=\dimen170
\NC@list=\toks20
\extratabsurround=\skip51
\backup@length=\skip52
\ar@cellbox=\box52
) (/usr/local/texlive/2024/texmf-dist/tex/latex/float/float.sty
Package: float 2001/11/08 v1.3d Float enhancements (AL)
\c@float@type=\count284
\float@exts=\toks21
\float@box=\box53
\@float@everytoks=\toks22
\@floatcapt=\box54
) (/usr/local/texlive/2024/texmf-dist/tex/latex/xcolor/xcolor.sty
Package: xcolor 2023/11/15 v3.01 LaTeX color extensions (UK)
 (/usr/local/texlive/2024/texmf-dist/tex/latex/graphics-cfg/color.cfg
File: color.cfg 2016/01/02 v1.6 sample color configuration
)
Package xcolor Info: Driver file: pdftex.def on input line 274.
 (/usr/local/texlive/2024/texmf-dist/tex/latex/graphics/mathcolor.ltx)
Package xcolor Info: Model `cmy' substituted by `cmy0' on input line 1350.
Package xcolor Info: Model `hsb' substituted by `rgb' on input line 1354.
Package xcolor Info: Model `RGB' extended on input line 1366.
Package xcolor Info: Model `HTML' substituted by `rgb' on input line 1368.
Package xcolor Info: Model `Hsb' substituted by `hsb' on input line 1369.
Package xcolor Info: Model `tHsb' substituted by `hsb' on input line 1370.
Package xcolor Info: Model `HSB' substituted by `hsb' on input line 1371.
Package xcolor Info: Model `Gray' substituted by `gray' on input line 1372.
Package xcolor Info: Model `wave' substituted by `hsb' on input line 1373.
) (/usr/local/texlive/2024/texmf-dist/tex/latex/colortbl/colortbl.sty
Package: colortbl 2024/02/20 v1.0g Color table columns (DPC)
\everycr=\toks23
\minrowclearance=\skip53
\rownum=\count285
) (/usr/local/texlive/2024/texmf-dist/tex/latex/tools/dcolumn.sty
Package: dcolumn 2023/07/08 v1.06 decimal alignment package (DPC)
) (/usr/local/texlive/2024/texmf-dist/tex/latex/multirow/multirow.sty
Package: multirow 2021/03/15 v2.8 Span multiple rows of a table
\multirow@colwidth=\skip54
\multirow@cntb=\count286
\multirow@dima=\skip55
\bigstrutjot=\dimen171
) (/usr/local/texlive/2024/texmf-dist/tex/latex/tablefootnote/tablefootnote.sty
Package: tablefootnote 2014/01/26 v1.1c Table foot notes (HMM)
 (/usr/local/texlive/2024/texmf-dist/tex/latex/letltxmacro/letltxmacro.sty
Package: letltxmacro 2019/12/03 v1.6 Let assignment for LaTeX macros (HO)
) (/usr/local/texlive/2024/texmf-dist/tex/latex/xifthen/xifthen.sty
Package: xifthen 2015/11/05 v1.4.0 Extended ifthen features
 (/usr/local/texlive/2024/texmf-dist/tex/latex/tools/calc.sty
Package: calc 2023/07/08 v4.3 Infix arithmetic (KKT,FJ)
\calc@Acount=\count287
\calc@Bcount=\count288
\calc@Adimen=\dimen172
\calc@Bdimen=\dimen173
\calc@Askip=\skip56
\calc@Bskip=\skip57
LaTeX Info: Redefining \setlength on input line 80.
LaTeX Info: Redefining \addtolength on input line 81.
\calc@Ccount=\count289
\calc@Cskip=\skip58
) (/usr/local/texlive/2024/texmf-dist/tex/latex/base/ifthen.sty
Package: ifthen 2022/04/13 v1.1d Standard LaTeX ifthen package (DPC)
) (/usr/local/texlive/2024/texmf-dist/tex/latex/ifmtarg/ifmtarg.sty
Package: ifmtarg 2018/04/16 v1.2b check for an empty argument
))) (/usr/local/texlive/2024/texmf-dist/tex/latex/amsmath/amsmath.sty
Package: amsmath 2024/11/05 v2.17t AMS math features
\@mathmargin=\skip59

For additional information on amsmath, use the `?' option.
(/usr/local/texlive/2024/texmf-dist/tex/latex/amsmath/amstext.sty
Package: amstext 2021/08/26 v2.01 AMS text
 (/usr/local/texlive/2024/texmf-dist/tex/latex/amsmath/amsgen.sty
File: amsgen.sty 1999/11/30 v2.0 generic functions
\@emptytoks=\toks24
\ex@=\dimen174
)) (/usr/local/texlive/2024/texmf-dist/tex/latex/amsmath/amsbsy.sty
Package: amsbsy 1999/11/29 v1.2d Bold Symbols
\pmbraise@=\dimen175
) (/usr/local/texlive/2024/texmf-dist/tex/latex/amsmath/amsopn.sty
Package: amsopn 2022/04/08 v2.04 operator names
)
\inf@bad=\count290
LaTeX Info: Redefining \frac on input line 233.
\uproot@=\count291
\leftroot@=\count292
LaTeX Info: Redefining \overline on input line 398.
LaTeX Info: Redefining \colon on input line 409.
\classnum@=\count293
\DOTSCASE@=\count294
LaTeX Info: Redefining \ldots on input line 495.
LaTeX Info: Redefining \dots on input line 498.
LaTeX Info: Redefining \cdots on input line 619.
\Mathstrutbox@=\box55
\strutbox@=\box56
LaTeX Info: Redefining \big on input line 721.
LaTeX Info: Redefining \Big on input line 722.
LaTeX Info: Redefining \bigg on input line 723.
LaTeX Info: Redefining \Bigg on input line 724.
\big@size=\dimen176
LaTeX Font Info:    Redeclaring font encoding OML on input line 742.
LaTeX Font Info:    Redeclaring font encoding OMS on input line 743.
\macc@depth=\count295
LaTeX Info: Redefining \bmod on input line 904.
LaTeX Info: Redefining \pmod on input line 909.
LaTeX Info: Redefining \smash on input line 939.
LaTeX Info: Redefining \relbar on input line 969.
LaTeX Info: Redefining \Relbar on input line 970.
\c@MaxMatrixCols=\count296
\dotsspace@=\muskip17
\c@parentequation=\count297
\dspbrk@lvl=\count298
\tag@help=\toks25
\row@=\count299
\column@=\count300
\maxfields@=\count301
\andhelp@=\toks26
\eqnshift@=\dimen177
\alignsep@=\dimen178
\tagshift@=\dimen179
\tagwidth@=\dimen180
\totwidth@=\dimen181
\lineht@=\dimen182
\@envbody=\toks27
\multlinegap=\skip60
\multlinetaggap=\skip61
\mathdisplay@stack=\toks28
LaTeX Info: Redefining \[ on input line 2953.
LaTeX Info: Redefining \] on input line 2954.
) (/usr/local/texlive/2024/texmf-dist/tex/latex/listings/listings.sty
\lst@mode=\count302
\lst@gtempboxa=\box57
\lst@token=\toks29
\lst@length=\count303
\lst@currlwidth=\dimen183
\lst@column=\count304
\lst@pos=\count305
\lst@lostspace=\dimen184
\lst@width=\dimen185
\lst@newlines=\count306
\lst@lineno=\count307
\lst@maxwidth=\dimen186
 (/usr/local/texlive/2024/texmf-dist/tex/latex/listings/lstpatch.sty
File: lstpatch.sty 2024/02/21 1.10 (Carsten Heinz)
) (/usr/local/texlive/2024/texmf-dist/tex/latex/listings/lstmisc.sty
File: lstmisc.sty 2024/02/21 1.10 (Carsten Heinz)
\c@lstnumber=\count308
\lst@skipnumbers=\count309
\lst@framebox=\box58
) (/usr/local/texlive/2024/texmf-dist/tex/latex/listings/listings.cfg
File: listings.cfg 2024/02/21 1.10 listings configuration
))
Package: listings 2024/02/21 1.10 (Carsten Heinz)
 (/usr/local/texlive/2024/texmf-dist/tex/latex/amsfonts/amssymb.sty
Package: amssymb 2013/01/14 v3.01 AMS font symbols
 (/usr/local/texlive/2024/texmf-dist/tex/latex/amsfonts/amsfonts.sty
Package: amsfonts 2013/01/14 v3.01 Basic AMSFonts support
\symAMSa=\mathgroup4
\symAMSb=\mathgroup5
LaTeX Font Info:    Redeclaring math symbol \hbar on input line 98.
LaTeX Font Info:    Overwriting math alphabet `\mathfrak' in version `bold'
(Font)                  U/euf/m/n --> U/euf/b/n on input line 106.
)) (/usr/local/texlive/2024/texmf-dist/tex/latex/makecell/makecell.sty
Package: makecell 2009/08/03 V0.1e Managing of Tab Column Heads and Cells
\rotheadsize=\dimen187
\c@nlinenum=\count310
\TeXr@lab=\toks30
) (/usr/local/texlive/2024/texmf-dist/tex/latex/geometry/geometry.sty
Package: geometry 2020/01/02 v5.9 Page Geometry
 (/usr/local/texlive/2024/texmf-dist/tex/generic/iftex/ifvtex.sty
Package: ifvtex 2019/10/25 v1.7 ifvtex legacy package. Use iftex instead.
)
\Gm@cnth=\count311
\Gm@cntv=\count312
\c@Gm@tempcnt=\count313
\Gm@bindingoffset=\dimen188
\Gm@wd@mp=\dimen189
\Gm@odd@mp=\dimen190
\Gm@even@mp=\dimen191
\Gm@layoutwidth=\dimen192
\Gm@layoutheight=\dimen193
\Gm@layouthoffset=\dimen194
\Gm@layoutvoffset=\dimen195
\Gm@dimlist=\toks31
) (/usr/local/texlive/2024/texmf-dist/tex/latex/csquotes/csquotes.sty
Package: csquotes 2022-09-14 v5.2n context-sensitive quotations (JAW)
\csq@reset=\count314
\csq@gtype=\count315
\csq@glevel=\count316
\csq@qlevel=\count317
\csq@maxlvl=\count318
\csq@tshold=\count319
\csq@ltx@everypar=\toks32
 (/usr/local/texlive/2024/texmf-dist/tex/latex/csquotes/csquotes.def
File: csquotes.def 2022-09-14 v5.2n csquotes generic definitions (JAW)
)
Package csquotes Info: Trying to load configuration file 'csquotes.cfg'...
Package csquotes Info: ... configuration file loaded successfully.
 (/usr/local/texlive/2024/texmf-dist/tex/latex/csquotes/csquotes.cfg
File: csquotes.cfg 
)
Package csquotes Info: Enabling multilingual quotes.
Package csquotes Info: Redefining alias 'italian' -> 'italian/guillemets'.
) (/usr/local/texlive/2024/texmf-dist/tex/latex/siunitx/siunitx.sty
Package: siunitx 2024-02-15 v3.3.12 A comprehensive (SI) units package
\l__siunitx_number_uncert_offset_int=\count320
\l__siunitx_number_exponent_fixed_int=\count321
\l__siunitx_number_min_decimal_int=\count322
\l__siunitx_number_min_integer_int=\count323
\l__siunitx_number_round_precision_int=\count324
\l__siunitx_number_lower_threshold_int=\count325
\l__siunitx_number_upper_threshold_int=\count326
\l__siunitx_number_group_first_int=\count327
\l__siunitx_number_group_size_int=\count328
\l__siunitx_number_group_minimum_int=\count329
\l__siunitx_angle_tmp_dim=\dimen196
\l__siunitx_angle_marker_box=\box59
\l__siunitx_angle_unit_box=\box60
\l__siunitx_compound_count_int=\count330
 (/usr/local/texlive/2024/texmf-dist/tex/latex/translations/translations.sty
Package: translations 2022/02/05 v1.12 internationalization of LaTeX2e packages (CN)
)
\l__siunitx_table_tmp_box=\box61
\l__siunitx_table_tmp_dim=\dimen197
\l__siunitx_table_column_width_dim=\dimen198
\l__siunitx_table_integer_box=\box62
\l__siunitx_table_decimal_box=\box63
\l__siunitx_table_uncert_box=\box64
\l__siunitx_table_before_box=\box65
\l__siunitx_table_after_box=\box66
\l__siunitx_table_before_dim=\dimen199
\l__siunitx_table_carry_dim=\dimen256
\l__siunitx_unit_tmp_int=\count331
\l__siunitx_unit_position_int=\count332
\l__siunitx_unit_total_int=\count333
) (/usr/local/texlive/2024/texmf-dist/tex/latex/tools/longtable.sty
Package: longtable 2023-11-01 v4.19 Multi-page Table package (DPC)
\LTleft=\skip62
\LTright=\skip63
\LTpre=\skip64
\LTpost=\skip65
\LTchunksize=\count334
\LTcapwidth=\dimen257
\LT@head=\box67
\LT@firsthead=\box68
\LT@foot=\box69
\LT@lastfoot=\box70
\LT@gbox=\box71
\LT@cols=\count335
\LT@rows=\count336
\c@LT@tables=\count337
\c@LT@chunks=\count338
\LT@p@ftn=\toks33
) (/usr/local/texlive/2024/texmf-dist/tex/latex/wrapfig/wrapfig.sty
\wrapoverhang=\dimen258
\WF@size=\dimen259
\c@WF@wrappedlines=\count339
\WF@box=\box72
\WF@everypar=\toks34
Package: wrapfig 2003/01/31  v 3.6
)
Package csquotes Info: Checking for multilingual support...
Package csquotes Info: ... found 'babel' package.
LaTeX Font Info:    Trying to load font information for T1+lmr on input line 75.
 (/usr/local/texlive/2024/texmf-dist/tex/latex/lm/t1lmr.fd
File: t1lmr.fd 2015/05/01 v1.6.1 Font defs for Latin Modern
) (/usr/local/texlive/2024/texmf-dist/tex/latex/l3backend/l3backend-pdftex.def
File: l3backend-pdftex.def 2024-02-20 L3 backend support: PDF output (pdfTeX)
\l__color_backend_stack_int=\count340
\l__pdf_internal_box=\box73
) (./main.aux

LaTeX Warning: Label `fig:cm_nn_titletype' multiply defined.

)
\openout1 = `main.aux'.

LaTeX Font Info:    Checking defaults for OML/cmm/m/it on input line 75.
LaTeX Font Info:    ... okay on input line 75.
LaTeX Font Info:    Checking defaults for OMS/cmsy/m/n on input line 75.
LaTeX Font Info:    ... okay on input line 75.
LaTeX Font Info:    Checking defaults for OT1/cmr/m/n on input line 75.
LaTeX Font Info:    ... okay on input line 75.
LaTeX Font Info:    Checking defaults for T1/cmr/m/n on input line 75.
LaTeX Font Info:    ... okay on input line 75.
LaTeX Font Info:    Checking defaults for TS1/cmr/m/n on input line 75.
LaTeX Font Info:    ... okay on input line 75.
LaTeX Font Info:    Checking defaults for OMX/cmex/m/n on input line 75.
LaTeX Font Info:    ... okay on input line 75.
LaTeX Font Info:    Checking defaults for U/cmr/m/n on input line 75.
LaTeX Font Info:    ... okay on input line 75.
LaTeX Font Info:    Checking defaults for PD1/pdf/m/n on input line 75.
LaTeX Font Info:    ... okay on input line 75.
LaTeX Font Info:    Checking defaults for PU/pdf/m/n on input line 75.
LaTeX Font Info:    ... okay on input line 75.
 (/usr/local/texlive/2024/texmf-dist/tex/context/base/mkii/supp-pdf.mkii
[Loading MPS to PDF converter (version 2006.09.02).]
\scratchcounter=\count341
\scratchdimen=\dimen260
\scratchbox=\box74
\nofMPsegments=\count342
\nofMParguments=\count343
\everyMPshowfont=\toks35
\MPscratchCnt=\count344
\MPscratchDim=\dimen261
\MPnumerator=\count345
\makeMPintoPDFobject=\count346
\everyMPtoPDFconversion=\toks36
) (/usr/local/texlive/2024/texmf-dist/tex/latex/epstopdf-pkg/epstopdf-base.sty
Package: epstopdf-base 2020-01-24 v2.11 Base part for package epstopdf
Package epstopdf-base Info: Redefining graphics rule for `.eps' on input line 485.
 (/usr/local/texlive/2024/texmf-dist/tex/latex/latexconfig/epstopdf-sys.cfg
File: epstopdf-sys.cfg 2010/07/13 v1.3 Configuration of (r)epstopdf for TeX Live
))
Package caption Info: Begin \AtBeginDocument code.
Package caption Info: float package is loaded.
Package caption Info: hyperref package is loaded.
Package caption Info: listings package is loaded.
Package caption Info: longtable package is loaded.
 (/usr/local/texlive/2024/texmf-dist/tex/latex/caption/ltcaption.sty
Package: ltcaption 2021/01/08 v1.4c longtable captions (AR)
)
Package caption Info: wrapfig package is loaded.
Package caption Info: End \AtBeginDocument code.
Package hyperref Info: Link coloring OFF on input line 75.
 (./main.out) (./main.out)
\@outlinefile=\write3
\openout3 = `main.out'.

\c@lstlisting=\count347

*geometry* driver: auto-detecting
*geometry* detected driver: pdftex
*geometry* verbose mode - [ preamble ] result:
* driver: pdftex
* paper: a4paper
* layout: <same size as paper>
* layoutoffset:(h,v)=(0.0pt,0.0pt)
* modes: 
* h-part:(L,W,R)=(56.9055pt, 483.69687pt, 56.9055pt)
* v-part:(T,H,B)=(56.9055pt, 731.23584pt, 56.9055pt)
* \paperwidth=597.50787pt
* \paperheight=845.04684pt
* \textwidth=483.69687pt
* \textheight=731.23584pt
* \oddsidemargin=-15.36449pt
* \evensidemargin=-15.36449pt
* \topmargin=-52.36449pt
* \headheight=12.0pt
* \headsep=25.0pt
* \topskip=10.0pt
* \footskip=30.0pt
* \marginparwidth=57.0pt
* \marginparsep=11.0pt
* \columnsep=10.0pt
* \skip\footins=9.0pt plus 4.0pt minus 2.0pt
* \hoffset=0.0pt
* \voffset=0.0pt
* \mag=1000
* \@twocolumnfalse
* \@twosidefalse
* \@mparswitchfalse
* \@reversemarginfalse
* (1in=72.27pt=25.4mm, 1cm=28.453pt)

(/usr/local/texlive/2024/texmf-dist/tex/latex/translations/translations-basic-dictionary-english.trsl
File: translations-basic-dictionary-english.trsl (english translation file `translations-basic-dictionary')
)
Package translations Info: loading dictionary `translations-basic-dictionary' for `english'. on input line 75.
<cherubino_pant541.pdf, id=124, 288.07625pt x 294.09875pt>
File: cherubino_pant541.pdf Graphic file (type pdf)
<use cherubino_pant541.pdf>
Package pdftex.def Info: cherubino_pant541.pdf  used on input line 81.
(pdftex.def)             Requested size: 85.35826pt x 87.1443pt.
 [0

{/usr/local/texlive/2024/texmf-var/fonts/map/pdftex/updmap/pdftex.map}{/usr/local/texlive/2024/texmf-dist/fonts/enc/dvips/lm/lm-ec.enc} <./cherubino_pant541.pdf>] (./main.toc
LaTeX Font Info:    Trying to load font information for OT1+lmr on input line 3.
 (/usr/local/texlive/2024/texmf-dist/tex/latex/lm/ot1lmr.fd
File: ot1lmr.fd 2015/05/01 v1.6.1 Font defs for Latin Modern
)
LaTeX Font Info:    Trying to load font information for OML+lmm on input line 3.
 (/usr/local/texlive/2024/texmf-dist/tex/latex/lm/omllmm.fd
File: omllmm.fd 2015/05/01 v1.6.1 Font defs for Latin Modern
)
LaTeX Font Info:    Trying to load font information for OMS+lmsy on input line 3.
 (/usr/local/texlive/2024/texmf-dist/tex/latex/lm/omslmsy.fd
File: omslmsy.fd 2015/05/01 v1.6.1 Font defs for Latin Modern
)
LaTeX Font Info:    Trying to load font information for OMX+lmex on input line 3.
 (/usr/local/texlive/2024/texmf-dist/tex/latex/lm/omxlmex.fd
File: omxlmex.fd 2015/05/01 v1.6.1 Font defs for Latin Modern
)
LaTeX Font Info:    External font `lmex10' loaded for size
(Font)              <10> on input line 3.
LaTeX Font Info:    External font `lmex10' loaded for size
(Font)              <7> on input line 3.
LaTeX Font Info:    External font `lmex10' loaded for size
(Font)              <5> on input line 3.
LaTeX Font Info:    Trying to load font information for U+msa on input line 3.
 (/usr/local/texlive/2024/texmf-dist/tex/latex/amsfonts/umsa.fd
File: umsa.fd 2013/01/14 v3.01 AMS symbols A
)
LaTeX Font Info:    Trying to load font information for U+msb on input line 3.
 (/usr/local/texlive/2024/texmf-dist/tex/latex/amsfonts/umsb.fd
File: umsb.fd 2013/01/14 v3.01 AMS symbols B
))
\tf@toc=\write4
\openout4 = `main.toc'.

 [1] (./introduction.tex
LaTeX Font Info:    Trying to load font information for T1+lmtt on input line 5.
 (/usr/local/texlive/2024/texmf-dist/tex/latex/lm/t1lmtt.fd
File: t1lmtt.fd 2015/05/01 v1.6.1 Font defs for Latin Modern
)) (./understanding_preparation.tex
LaTeX Font Info:    Trying to load font information for TS1+lmr on input line 34.
 (/usr/local/texlive/2024/texmf-dist/tex/latex/lm/ts1lmr.fd
File: ts1lmr.fd 2015/05/01 v1.6.1 Font defs for Latin Modern
) [2

{/usr/local/texlive/2024/texmf-dist/fonts/enc/dvips/lm/lm-ts1.enc}]

LaTeX Warning: Reference `fig:skewness' on page 3 undefined on input line 91.

<plotsss/rating_distrib.png, id=188, 403.2666pt x 284.0211pt>
File: plotsss/rating_distrib.png Graphic file (type png)
<use plotsss/rating_distrib.png>
Package pdftex.def Info: plotsss/rating_distrib.png  used on input line 99.
(pdftex.def)             Requested size: 290.22107pt x 204.40836pt.

Overfull \hbox (5.60744pt too wide) in paragraph at lines 113--115
[]\T1/lmtt/m/n/10 awardWins \T1/lmr/m/n/10 and \T1/lmtt/m/n/10 awardNominations\T1/lmr/m/n/10 , were merged with the same pro-ce-dure as above into \T1/lmtt/m/n/10 totalNominations\T1/lmr/m/n/10 ,
 []

[3 <./plotsss/rating_distrib.png>]
Overfull \hbox (27.1907pt too wide) in paragraph at lines 115--117
[]\T1/lmtt/m/n/10 userReviewsTotal \T1/lmr/m/n/10 and\T1/lmtt/m/n/10 criticReviewsTotal\T1/lmr/m/n/10 ,were merged with the same pro-ce-dure as above into \T1/lmtt/m/n/10 reviewsTotal\T1/lmr/m/n/10 ,
 []


Overfull \hbox (4.52591pt too wide) in paragraph at lines 123--131
[]\T1/lmtt/m/n/10 genre\T1/lmr/m/n/10 , it was ob-served that each record con-tained up to three gen-res, listed in al-pha-bet-i-cal or-der^^Vindicating
 []


Overfull \hbox (26.80513pt too wide) in paragraph at lines 133--138
[]\T1/lmtt/m/n/10 deltaCredits\T1/lmr/m/n/10 , was cre-ated as the dif-fer-ence be-tween \T1/lmtt/m/n/10 totalCredits \T1/lmr/m/n/10 and the sum of \T1/lmtt/m/n/10 castNumber\T1/lmr/m/n/10 , \T1/lmtt/m/n/10 writerCredits
 []

) (./outliers.tex [4]

LaTeX Warning: No positions in optional float specifier.
               Default added (so using `tbp') on input line 42.

<plotsss/LOF.png, id=205, 634.5306pt x 407.6028pt>
File: plotsss/LOF.png Graphic file (type png)
<use plotsss/LOF.png>
Package pdftex.def Info: plotsss/LOF.png  used on input line 84.
(pdftex.def)             Requested size: 154.78653pt x 99.43129pt.
<plotsss/ISF.png, id=206, 622.9674pt x 393.8715pt>
File: plotsss/ISF.png Graphic file (type png)
<use plotsss/ISF.png>
Package pdftex.def Info: plotsss/ISF.png  used on input line 91.
(pdftex.def)             Requested size: 154.78653pt x 97.86061pt.
<plotsss/ABOD.png, id=207, 622.9674pt x 393.8715pt>
File: plotsss/ABOD.png Graphic file (type png)
<use plotsss/ABOD.png>
Package pdftex.def Info: plotsss/ABOD.png  used on input line 98.
(pdftex.def)             Requested size: 154.78653pt x 97.86061pt.
) (./imbalanced_learning.tex [5 <./plotsss/LOF.png> <./plotsss/ISF.png> <./plotsss/ABOD.png>]

LaTeX Warning: No positions in optional float specifier.
               Default added (so using `tbp') on input line 17.

[6]) (./advanced_classification.tex

LaTeX Warning: Reference `sec:understanding_preparation' on page 7 undefined on input line 8.

[7]
Overfull \hbox (12.24997pt too wide) in paragraph at lines 41--50
[]\T1/lmr/m/n/10 To op-ti-mize the model, a hy-per-pa-ram-e-ter search was per-formed us-ing \T1/lmtt/m/n/10 RandomizedSearchCV \T1/lmr/m/n/10 with \T1/lmtt/m/n/10 StratifiedKFold
 []

LaTeX Font Info:    External font `lmex10' loaded for size
(Font)              <9> on input line 66.
LaTeX Font Info:    External font `lmex10' loaded for size
(Font)              <6> on input line 66.

Overfull \hbox (4.10635pt too wide) in paragraph at lines 66--82
 [][] 
 []

<plotsss/log_roc_curves_t.png, id=232, 387.3672pt x 338.2236pt>
File: plotsss/log_roc_curves_t.png Graphic file (type png)
<use plotsss/log_roc_curves_t.png>
Package pdftex.def Info: plotsss/log_roc_curves_t.png  used on input line 86.
(pdftex.def)             Requested size: 193.47578pt x 168.93076pt.

Overfull \hbox (5.9144pt too wide) in paragraph at lines 114--118
\T1/lmr/m/n/10 and neg-a-tively by \T1/lmtt/m/n/10 companiesNumber\T1/lmr/m/n/10 ; \T1/lmtt/m/n/10 tvEpisode \T1/lmr/m/n/10 is pos-i-tively in-flu-enced by \T1/lmtt/m/n/10 Europe \T1/lmr/m/n/10 and neg-a-tively by \T1/lmtt/m/n/10 numRegions\T1/lmr/m/n/10 . 
 []

[8{/usr/local/texlive/2024/texmf-dist/fonts/enc/dvips/lm/lm-mathit.enc}{/usr/local/texlive/2024/texmf-dist/fonts/enc/dvips/lm/lm-rm.enc}{/usr/local/texlive/2024/texmf-dist/fonts/enc/dvips/lm/lm-mathsy.enc} <./plotsss/log_roc_curves_t.png>]
Overfull \hbox (4.10635pt too wide) in paragraph at lines 166--182
 [][] 
 []

<plotsss/log_roc_curves_rating.png, id=248, 387.3672pt x 338.2236pt>
File: plotsss/log_roc_curves_rating.png Graphic file (type png)
<use plotsss/log_roc_curves_rating.png>
Package pdftex.def Info: plotsss/log_roc_curves_rating.png  used on input line 186.
(pdftex.def)             Requested size: 193.47578pt x 168.93076pt.

LaTeX Warning: `h' float specifier changed to `ht'.

<plotsss/new_cm_rbf_balanced.png, id=252, 391.7034pt x 327.3831pt>
File: plotsss/new_cm_rbf_balanced.png Graphic file (type png)
<use plotsss/new_cm_rbf_balanced.png>
Package pdftex.def Info: plotsss/new_cm_rbf_balanced.png  used on input line 311.
(pdftex.def)             Requested size: 227.3381pt x 190.0122pt.
<plotsss/new_roc_rbf_balanced.png, id=253, 387.3672pt x 338.2236pt>
File: plotsss/new_roc_rbf_balanced.png Graphic file (type png)
<use plotsss/new_roc_rbf_balanced.png>
Package pdftex.def Info: plotsss/new_roc_rbf_balanced.png  used on input line 317.
(pdftex.def)             Requested size: 207.9861pt x 181.6007pt.

LaTeX Warning: `h' float specifier changed to `ht'.

[9 <./plotsss/log_roc_curves_rating.png>]
Underfull \hbox (badness 10000) in paragraph at lines 363--367

 []


Underfull \hbox (badness 10000) in paragraph at lines 368--371

 []


Underfull \hbox (badness 10000) in paragraph at lines 372--375

 []

[10 <./plotsss/new_cm_rbf_balanced.png> <./plotsss/new_roc_rbf_balanced.png>]
<plotsss/conf_matr_rf_rating.png, id=273, 312.2064pt x 328.8285pt>
File: plotsss/conf_matr_rf_rating.png Graphic file (type png)
<use plotsss/conf_matr_rf_rating.png>
Package pdftex.def Info: plotsss/conf_matr_rf_rating.png  used on input line 469.
(pdftex.def)             Requested size: 212.82779pt x 224.15736pt.
<plotsss/roc_rf_rating.png, id=274, 387.3672pt x 339.669pt>
File: plotsss/roc_rf_rating.png Graphic file (type png)
<use plotsss/roc_rf_rating.png>
Package pdftex.def Info: plotsss/roc_rf_rating.png  used on input line 476.
(pdftex.def)             Requested size: 251.52443pt x 220.55418pt.
 [11]
Underfull \hbox (badness 10000) in paragraph at lines 500--503

 []


Underfull \hbox (badness 10000) in paragraph at lines 504--506

 []


Underfull \hbox (badness 10000) in paragraph at lines 507--513

 []


Underfull \hbox (badness 10000) in paragraph at lines 568--578

 []

<plotsss/conf_matr_rf_titletype.png, id=286, 352.6776pt x 328.8285pt>
File: plotsss/conf_matr_rf_titletype.png Graphic file (type png)
<use plotsss/conf_matr_rf_titletype.png>
Package pdftex.def Info: plotsss/conf_matr_rf_titletype.png  used on input line 583.
(pdftex.def)             Requested size: 227.3381pt x 211.96481pt.
<plotsss/roc_rf_titletype.png, id=287, 387.3672pt x 339.669pt>
File: plotsss/roc_rf_titletype.png Graphic file (type png)
<use plotsss/roc_rf_titletype.png>
Package pdftex.def Info: plotsss/roc_rf_titletype.png  used on input line 590.
(pdftex.def)             Requested size: 241.84843pt x 212.06973pt.
[12 <./plotsss/conf_matr_rf_rating.png> <./plotsss/roc_rf_rating.png>]
Underfull \hbox (badness 10000) in paragraph at lines 607--609

 []


Underfull \hbox (badness 10000) in paragraph at lines 632--645

 []

<plotsss/loss_rating.png, id=300, 399.6531pt x 284.0211pt>
File: plotsss/loss_rating.png Graphic file (type png)
<use plotsss/loss_rating.png>
Package pdftex.def Info: plotsss/loss_rating.png  used on input line 650.
(pdftex.def)             Requested size: 232.17242pt x 165.00104pt.
<plotsss/accuracy_rating.png, id=301, 393.8715pt x 284.0211pt>
File: plotsss/accuracy_rating.png Graphic file (type png)
<use plotsss/accuracy_rating.png>
Package pdftex.def Info: plotsss/accuracy_rating.png  used on input line 657.
(pdftex.def)             Requested size: 232.17242pt x 167.42365pt.
[13 <./plotsss/conf_matr_rf_titletype.png> <./plotsss/roc_rf_titletype.png>]
<plotsss/cm_nn_rating.png, id=310, 312.2064pt x 328.8285pt>
File: plotsss/cm_nn_rating.png Graphic file (type png)
<use plotsss/cm_nn_rating.png>
Package pdftex.def Info: plotsss/cm_nn_rating.png  used on input line 669.
(pdftex.def)             Requested size: 217.66211pt x 229.25014pt.
<plotsss/roc_nn_rating.png, id=311, 387.3672pt x 339.669pt>
File: plotsss/roc_nn_rating.png Graphic file (type png)
<use plotsss/roc_nn_rating.png>
Package pdftex.def Info: plotsss/roc_nn_rating.png  used on input line 676.
(pdftex.def)             Requested size: 256.35875pt x 224.80418pt.
<plotsss/loss_titletype.png, id=312, 393.1488pt x 284.0211pt>
File: plotsss/loss_titletype.png Graphic file (type png)
<use plotsss/loss_titletype.png>
Package pdftex.def Info: plotsss/loss_titletype.png  used on input line 711.
(pdftex.def)             Requested size: 232.17242pt x 167.727pt.
<plotsss/accuracy_titletype.png, id=313, 393.8715pt x 284.0211pt>
File: plotsss/accuracy_titletype.png Graphic file (type png)
<use plotsss/accuracy_titletype.png>
Package pdftex.def Info: plotsss/accuracy_titletype.png  used on input line 718.
(pdftex.def)             Requested size: 232.17242pt x 167.42365pt.
 [14 <./plotsss/loss_rating.png> <./plotsss/accuracy_rating.png> <./plotsss/cm_nn_rating.png> <./plotsss/roc_nn_rating.png>]
<plotsss/cm_nn_titletype.png, id=324, 352.6776pt x 328.8285pt>
File: plotsss/cm_nn_titletype.png Graphic file (type png)
<use plotsss/cm_nn_titletype.png>
Package pdftex.def Info: plotsss/cm_nn_titletype.png  used on input line 732.
(pdftex.def)             Requested size: 227.3381pt x 211.96481pt.
<plotsss/roc_nn_titletype.png, id=325, 387.3672pt x 339.669pt>
File: plotsss/roc_nn_titletype.png Graphic file (type png)
<use plotsss/roc_nn_titletype.png>
Package pdftex.def Info: plotsss/roc_nn_titletype.png  used on input line 739.
(pdftex.def)             Requested size: 241.84843pt x 212.06973pt.
 [15 <./plotsss/loss_titletype.png> <./plotsss/accuracy_titletype.png> <./plotsss/cm_nn_titletype.png> <./plotsss/roc_nn_titletype.png>]
Overfull \hbox (4.10635pt too wide) in paragraph at lines 805--821
 [][] 
 []

<plotsss/GBM_confusion_title.png, id=338, 422.7795pt x 400.3758pt>
File: plotsss/GBM_confusion_title.png Graphic file (type png)
<use plotsss/GBM_confusion_title.png>
Package pdftex.def Info: plotsss/GBM_confusion_title.png  used on input line 825.
(pdftex.def)             Requested size: 193.47578pt x 183.22816pt.
<plotsss/GBM_ROC_title.png, id=339, 390.258pt x 341.8371pt>
File: plotsss/GBM_ROC_title.png Graphic file (type png)
<use plotsss/GBM_ROC_title.png>
Package pdftex.def Info: plotsss/GBM_ROC_title.png  used on input line 831.
(pdftex.def)             Requested size: 193.47578pt x 169.47328pt.
[16 <./plotsss/GBM_confusion_title.png> <./plotsss/GBM_ROC_title.png>]
Overfull \hbox (4.10635pt too wide) in paragraph at lines 862--878
 [][] 
 []

<plotsss/GBM_confusion_rating.png, id=350, 401.8212pt x 422.0568pt>
File: plotsss/GBM_confusion_rating.png Graphic file (type png)
<use plotsss/GBM_confusion_rating.png>
Package pdftex.def Info: plotsss/GBM_confusion_rating.png  used on input line 882.
(pdftex.def)             Requested size: 193.47578pt x 203.22252pt.

Underfull \hbox (badness 2903) in paragraph at lines 883--883
[]\T1/lmr/m/n/10 Figure 14: |Con-fu-sion Ma-trix Gra-di-ent
 []

<plotsss/GBM_ROC_rating.png, id=351, 390.258pt x 341.8371pt>
File: plotsss/GBM_ROC_rating.png Graphic file (type png)
<use plotsss/GBM_ROC_rating.png>
Package pdftex.def Info: plotsss/GBM_ROC_rating.png  used on input line 888.
(pdftex.def)             Requested size: 193.47578pt x 169.47328pt.
[17 <./plotsss/GBM_confusion_rating.png> <./plotsss/GBM_ROC_rating.png>]
<plotsss/Lime_title.png, id=362, 954.56625pt x 498.36188pt>
File: plotsss/Lime_title.png Graphic file (type png)
<use plotsss/Lime_title.png>
Package pdftex.def Info: plotsss/Lime_title.png  used on input line 937.
(pdftex.def)             Requested size: 483.69687pt x 252.52625pt.

Underfull \hbox (badness 10000) in paragraph at lines 941--956

 []

[18 <./plotsss/Lime_title.png>]
<plotsss/title_coeff.png, id=373, 444.15938pt x 116.68594pt>
File: plotsss/title_coeff.png Graphic file (type png)
<use plotsss/title_coeff.png>
Package pdftex.def Info: plotsss/title_coeff.png  used on input line 973.
(pdftex.def)             Requested size: 338.58632pt x 88.9493pt.
<plotsss/Lime_rating.png, id=374, 870.25125pt x 523.20468pt>
File: plotsss/Lime_rating.png Graphic file (type png)
<use plotsss/Lime_rating.png>
Package pdftex.def Info: plotsss/Lime_rating.png  used on input line 982.
(pdftex.def)             Requested size: 483.69687pt x 290.81314pt.
 [19 <./plotsss/title_coeff.png> <./plotsss/Lime_rating.png>]
<plotsss/rating_coeff.png, id=383, 470.50781pt x 118.94438pt>
File: plotsss/rating_coeff.png Graphic file (type png)
<use plotsss/rating_coeff.png>
Package pdftex.def Info: plotsss/rating_coeff.png  used on input line 1004.
(pdftex.def)             Requested size: 338.58632pt x 85.5945pt.
) (./advanced_regression.tex [20 <./plotsss/rating_coeff.png>]
<plotsss/rf_top18_actual_vs_predicted.png, id=396, 409.0482pt x 336.7782pt>
File: plotsss/rf_top18_actual_vs_predicted.png Graphic file (type png)
<use plotsss/rf_top18_actual_vs_predicted.png>
Package pdftex.def Info: plotsss/rf_top18_actual_vs_predicted.png  used on input line 58.
(pdftex.def)             Requested size: 338.58632pt x 278.77556pt.
) (./ts.tex [21 <./plotsss/rf_top18_actual_vs_predicted.png>]
Underfull \hbox (badness 10000) in paragraph at lines 73--77

 []

<plotsss/ts_loss_acc.png, id=408, 729.927pt x 284.0211pt>
File: plotsss/ts_loss_acc.png Graphic file (type png)
<use plotsss/ts_loss_acc.png>
Package pdftex.def Info: plotsss/ts_loss_acc.png  used on input line 82.
(pdftex.def)             Requested size: 483.69687pt x 188.2129pt.
[22]
<plotsss/rnn_cm.png, id=414, 325.215pt x 339.669pt>
File: plotsss/rnn_cm.png Graphic file (type png)
<use plotsss/rnn_cm.png>
Package pdftex.def Info: plotsss/rnn_cm.png  used on input line 100.
(pdftex.def)             Requested size: 198.31747pt x 207.13559pt.

Underfull \hbox (badness 10000) in paragraph at lines 106--108

 []


Underfull \hbox (badness 10000) in paragraph at lines 118--121

 []

) [23 <./plotsss/ts_loss_acc.png> <./plotsss/rnn_cm.png>] (./main.aux)
 ***********
LaTeX2e <2023-11-01> patch level 1
L3 programming layer <2024-02-20>
 ***********


LaTeX Warning: There were undefined references.


LaTeX Warning: There were multiply-defined labels.

Package rerunfilecheck Info: File `main.out' has not changed.
(rerunfilecheck)             Checksum: 39B65ACBB142C7184C53C05BA6B146DD;4642.
 ) 
Here is how much of TeX's memory you used:
 20613 strings out of 474116
 389688 string characters out of 5743682
 1946187 words of memory out of 5000000
 42572 multiletter control sequences out of 15000+600000
 624897 words of font info for 81 fonts, out of 8000000 for 9000
 1141 hyphenation exceptions out of 8191
 75i,14n,79p,451b,1036s stack positions out of 10000i,1000n,20000p,200000b,200000s
</usr/local/texlive/2024/texmf-dist/fonts/type1/public/lm/lmbx10.pfb></usr/local/texlive/2024/texmf-dist/fonts/type1/public/lm/lmbx12.pfb></usr/local/texlive/2024/texmf-dist/fonts/type1/public/lm/lmbx7.pfb></usr/local/texlive/2024/texmf-dist/fonts/type1/public/lm/lmbx9.pfb></usr/local/texlive/2024/texmf-dist/fonts/type1/public/lm/lmmi10.pfb></usr/local/texlive/2024/texmf-dist/fonts/type1/public/lm/lmr10.pfb></usr/local/texlive/2024/texmf-dist/fonts/type1/public/lm/lmr7.pfb></usr/local/texlive/2024/texmf-dist/fonts/type1/public/lm/lmr9.pfb></usr/local/texlive/2024/texmf-dist/fonts/type1/public/lm/lmri10.pfb></usr/local/texlive/2024/texmf-dist/fonts/type1/public/lm/lmri12.pfb></usr/local/texlive/2024/texmf-dist/fonts/type1/public/lm/lmsy10.pfb></usr/local/texlive/2024/texmf-dist/fonts/type1/public/lm/lmsy7.pfb></usr/local/texlive/2024/texmf-dist/fonts/type1/public/lm/lmtt10.pfb></usr/local/texlive/2024/texmf-dist/fonts/type1/public/lm/lmtt8.pfb></usr/local/texlive/2024/texmf-dist/fonts/type1/public/lm/lmtt9.pfb>
Output written on main.pdf (24 pages, 2386761 bytes).
PDF statistics:
 522 PDF objects out of 1000 (max. 8388607)
 395 compressed objects within 4 object streams
 92 named destinations out of 1000 (max. 500000)
 401 words of extra memory for PDF output out of 10000 (max. 10000000)

