This is pdfTeX, Version 3.141592653-2.6-1.40.27 (MiKTeX 25.4) (preloaded format=pdflatex 2025.8.29)  3 SEP 2025 22:41
entering extended mode
 restricted \write18 enabled.
 file:line:error style messages enabled.
 %&-line parsing enabled.
**"d:/BOOKS/UNIPI/Sem 2/Data Mining 2/Project/Bruno NN SHAP/report/report/main.tex"
(d:/BOOKS/UNIPI/Sem 2/Data Mining 2/Project/Bruno NN SHAP/report/report/main.tex
LaTeX2e <2025-06-01> patch level 1
L3 programming layer <2025-07-20>
(C:\Users\tanya\AppData\Local\Programs\MiKTeX\tex/latex/base\article.cls
Document Class: article 2025/01/22 v1.4n Standard LaTeX document class
(C:\Users\tanya\AppData\Local\Programs\MiKTeX\tex/latex/base\size10.clo
File: size10.clo 2025/01/22 v1.4n Standard LaTeX file (size option)
)
\c@part=\count275
\c@section=\count276
\c@subsection=\count277
\c@subsubsection=\count278
\c@paragraph=\count279
\c@subparagraph=\count280
\c@figure=\count281
\c@table=\count282
\abovecaptionskip=\skip49
\belowcaptionskip=\skip50
\bibindent=\dimen148
) (C:\Users\tanya\AppData\Local\Programs\MiKTeX\tex/latex/base\fontenc.sty
Package: fontenc 2024/12/21 v2.1c Standard LaTeX package
) (C:\Users\tanya\AppData\Local\Programs\MiKTeX\tex/latex/base\inputenc.sty
Package: inputenc 2024/02/08 v1.3d Input encoding file
\inpenc@prehook=\toks17
\inpenc@posthook=\toks18
) (C:\Users\tanya\AppData\Local\Programs\MiKTeX\tex/generic/babel\babel.sty
Package: babel 2025/08/03 v25.12 The multilingual framework for LuaLaTeX, pdfLaTeX and XeLaTeX
\babel@savecnt=\count283
LaTeX Encoding Info:    Redeclaring text command \ij (encoding OT1) on input line 2045.
LaTeX Encoding Info:    Redeclaring text command \IJ (encoding OT1) on input line 2047.
LaTeX Encoding Info:    Redeclaring text command \ij (encoding T1) on input line 2049.
LaTeX Encoding Info:    Redeclaring text command \IJ (encoding T1) on input line 2050.
LaTeX Encoding Info:    Ignoring declaration for text command \ij (encoding ?) on input line 2051.
LaTeX Encoding Info:    Ignoring declaration for text command \IJ (encoding ?) on input line 2053.
LaTeX Encoding Info:    Ignoring declaration for text command \SS (encoding ?) on input line 2078.
\U@D=\dimen149
\l@unhyphenated=\language79
 (C:\Users\tanya\AppData\Local\Programs\MiKTeX\tex/generic/babel\txtbabel.def)
\bbl@readstream=\read2
\bbl@dirlevel=\count284

*************************************
* Local config file bblopts.cfg used
*
(C:\Users\tanya\AppData\Local\Programs\MiKTeX\tex/latex/arabi\bblopts.cfg
File: bblopts.cfg 2005/09/08 v0.1 add Arabic and Farsi to "declared" options of babel
) (C:\Users\tanya\AppData\Local\Programs\MiKTeX\tex/latex/babel-english\english.ldf
Language: english 2017/06/06 v3.3r English support from the babel system
 (C:\Users\tanya\AppData\Local\Programs\MiKTeX\tex/generic/babel/locale/en\babel-english.tex
Package babel Info: Importing font and identification data for english
(babel)             from babel-en.ini. Reported on input line 12.
)
Package babel Info: Hyphen rules for 'canadian' set to \l@english
(babel)             (\language0). Reported on input line 102.
Package babel Info: Hyphen rules for 'australian' set to \l@ukenglish
(babel)             (\language73). Reported on input line 105.
Package babel Info: Hyphen rules for 'newzealand' set to \l@ukenglish
(babel)             (\language73). Reported on input line 108.
)) (C:\Users\tanya\AppData\Local\Programs\MiKTeX\tex/latex/lm\lmodern.sty
Package: lmodern 2015/05/01 v1.6.1 Latin Modern Fonts
LaTeX Font Info:    Overwriting symbol font `operators' in version `normal'
(Font)                  OT1/cmr/m/n --> OT1/lmr/m/n on input line 22.
LaTeX Font Info:    Overwriting symbol font `letters' in version `normal'
(Font)                  OML/cmm/m/it --> OML/lmm/m/it on input line 23.
LaTeX Font Info:    Overwriting symbol font `symbols' in version `normal'
(Font)                  OMS/cmsy/m/n --> OMS/lmsy/m/n on input line 24.
LaTeX Font Info:    Overwriting symbol font `largesymbols' in version `normal'
(Font)                  OMX/cmex/m/n --> OMX/lmex/m/n on input line 25.
LaTeX Font Info:    Overwriting symbol font `operators' in version `bold'
(Font)                  OT1/cmr/bx/n --> OT1/lmr/bx/n on input line 26.
LaTeX Font Info:    Overwriting symbol font `letters' in version `bold'
(Font)                  OML/cmm/b/it --> OML/lmm/b/it on input line 27.
LaTeX Font Info:    Overwriting symbol font `symbols' in version `bold'
(Font)                  OMS/cmsy/b/n --> OMS/lmsy/b/n on input line 28.
LaTeX Font Info:    Overwriting symbol font `largesymbols' in version `bold'
(Font)                  OMX/cmex/m/n --> OMX/lmex/m/n on input line 29.
LaTeX Font Info:    Overwriting math alphabet `\mathbf' in version `normal'
(Font)                  OT1/cmr/bx/n --> OT1/lmr/bx/n on input line 31.
LaTeX Font Info:    Overwriting math alphabet `\mathsf' in version `normal'
(Font)                  OT1/cmss/m/n --> OT1/lmss/m/n on input line 32.
LaTeX Font Info:    Overwriting math alphabet `\mathit' in version `normal'
(Font)                  OT1/cmr/m/it --> OT1/lmr/m/it on input line 33.
LaTeX Font Info:    Overwriting math alphabet `\mathtt' in version `normal'
(Font)                  OT1/cmtt/m/n --> OT1/lmtt/m/n on input line 34.
LaTeX Font Info:    Overwriting math alphabet `\mathbf' in version `bold'
(Font)                  OT1/cmr/bx/n --> OT1/lmr/bx/n on input line 35.
LaTeX Font Info:    Overwriting math alphabet `\mathsf' in version `bold'
(Font)                  OT1/cmss/bx/n --> OT1/lmss/bx/n on input line 36.
LaTeX Font Info:    Overwriting math alphabet `\mathit' in version `bold'
(Font)                  OT1/cmr/bx/it --> OT1/lmr/bx/it on input line 37.
LaTeX Font Info:    Overwriting math alphabet `\mathtt' in version `bold'
(Font)                  OT1/cmtt/m/n --> OT1/lmtt/m/n on input line 38.
) (C:\Users\tanya\AppData\Local\Programs\MiKTeX\tex/latex/url\url.sty
\Urlmuskip=\muskip17
Package: url 2013/09/16  ver 3.4  Verb mode for urls, etc.
) (C:\Users\tanya\AppData\Local\Programs\MiKTeX\tex/latex/graphics\graphicx.sty
Package: graphicx 2024/12/31 v1.2e Enhanced LaTeX Graphics (DPC,SPQR)
 (C:\Users\tanya\AppData\Local\Programs\MiKTeX\tex/latex/graphics\keyval.sty
Package: keyval 2022/05/29 v1.15 key=value parser (DPC)
\KV@toks@=\toks19
) (C:\Users\tanya\AppData\Local\Programs\MiKTeX\tex/latex/graphics\graphics.sty
Package: graphics 2024/08/06 v1.4g Standard LaTeX Graphics (DPC,SPQR)
 (C:\Users\tanya\AppData\Local\Programs\MiKTeX\tex/latex/graphics\trig.sty
Package: trig 2023/12/02 v1.11 sin cos tan (DPC)
) (C:\Users\tanya\AppData\Local\Programs\MiKTeX\tex/latex/graphics-cfg\graphics.cfg
File: graphics.cfg 2016/06/04 v1.11 sample graphics configuration
)
Package graphics Info: Driver file: pdftex.def on input line 106.
 (C:\Users\tanya\AppData\Local\Programs\MiKTeX\tex/latex/graphics-def\pdftex.def
File: pdftex.def 2024/04/13 v1.2c Graphics/color driver for pdftex
))
\Gin@req@height=\dimen150
\Gin@req@width=\dimen151
) (C:\Users\tanya\AppData\Local\Programs\MiKTeX\tex/latex/booktabs\booktabs.sty
Package: booktabs 2020/01/12 v1.61803398 Publication quality tables
\heavyrulewidth=\dimen152
\lightrulewidth=\dimen153
\cmidrulewidth=\dimen154
\belowrulesep=\dimen155
\belowbottomsep=\dimen156
\aboverulesep=\dimen157
\abovetopsep=\dimen158
\cmidrulesep=\dimen159
\cmidrulekern=\dimen160
\defaultaddspace=\dimen161
\@cmidla=\count285
\@cmidlb=\count286
\@aboverulesep=\dimen162
\@belowrulesep=\dimen163
\@thisruleclass=\count287
\@lastruleclass=\count288
\@thisrulewidth=\dimen164
) (C:\Users\tanya\AppData\Local\Programs\MiKTeX\tex/latex/caption\caption.sty
Package: caption 2023/08/05 v3.6o Customizing captions (AR)
 (C:\Users\tanya\AppData\Local\Programs\MiKTeX\tex/latex/caption\caption3.sty
Package: caption3 2023/07/31 v2.4d caption3 kernel (AR)
\caption@tempdima=\dimen165
\captionmargin=\dimen166
\caption@leftmargin=\dimen167
\caption@rightmargin=\dimen168
\caption@width=\dimen169
\caption@indent=\dimen170
\caption@parindent=\dimen171
\caption@hangindent=\dimen172
Package caption Info: Standard document class detected.
)
\c@caption@flags=\count289
\c@continuedfloat=\count290
) (C:\Users\tanya\AppData\Local\Programs\MiKTeX\tex/latex/caption\subcaption.sty
Package: subcaption 2023/07/28 v1.6b Sub-captions (AR)
Package caption Info: New subtype `subfigure' on input line 238.
\c@subfigure=\count291
Package caption Info: New subtype `subtable' on input line 238.
\c@subtable=\count292
) (C:\Users\tanya\AppData\Local\Programs\MiKTeX\tex/latex/hyperref\hyperref.sty
Package: hyperref 2025-07-12 v7.01o Hypertext links for LaTeX
 (C:\Users\tanya\AppData\Local\Programs\MiKTeX\tex/generic/iftex\iftex.sty
Package: iftex 2024/12/12 v1.0g TeX engine tests
) (C:\Users\tanya\AppData\Local\Programs\MiKTeX\tex/latex/kvsetkeys\kvsetkeys.sty
Package: kvsetkeys 2022-10-05 v1.19 Key value parser (HO)
) (C:\Users\tanya\AppData\Local\Programs\MiKTeX\tex/generic/kvdefinekeys\kvdefinekeys.sty
Package: kvdefinekeys 2019-12-19 v1.6 Define keys (HO)
) (C:\Users\tanya\AppData\Local\Programs\MiKTeX\tex/generic/pdfescape\pdfescape.sty
Package: pdfescape 2019/12/09 v1.15 Implements pdfTeX's escape features (HO)
 (C:\Users\tanya\AppData\Local\Programs\MiKTeX\tex/generic/ltxcmds\ltxcmds.sty
Package: ltxcmds 2023-12-04 v1.26 LaTeX kernel commands for general use (HO)
) (C:\Users\tanya\AppData\Local\Programs\MiKTeX\tex/generic/pdftexcmds\pdftexcmds.sty
Package: pdftexcmds 2020-06-27 v0.33 Utility functions of pdfTeX for LuaTeX (HO)
 (C:\Users\tanya\AppData\Local\Programs\MiKTeX\tex/generic/infwarerr\infwarerr.sty
Package: infwarerr 2019/12/03 v1.5 Providing info/warning/error messages (HO)
)
Package pdftexcmds Info: \pdf@primitive is available.
Package pdftexcmds Info: \pdf@ifprimitive is available.
Package pdftexcmds Info: \pdfdraftmode found.
)) (C:\Users\tanya\AppData\Local\Programs\MiKTeX\tex/latex/hycolor\hycolor.sty
Package: hycolor 2020-01-27 v1.10 Color options for hyperref/bookmark (HO)
) (C:\Users\tanya\AppData\Local\Programs\MiKTeX\tex/latex/hyperref\nameref.sty
Package: nameref 2025-06-21 v2.57 Cross-referencing by name of section
 (C:\Users\tanya\AppData\Local\Programs\MiKTeX\tex/latex/refcount\refcount.sty
Package: refcount 2019/12/15 v3.6 Data extraction from label references (HO)
) (C:\Users\tanya\AppData\Local\Programs\MiKTeX\tex/generic/gettitlestring\gettitlestring.sty
Package: gettitlestring 2019/12/15 v1.6 Cleanup title references (HO)
 (C:\Users\tanya\AppData\Local\Programs\MiKTeX\tex/latex/kvoptions\kvoptions.sty
Package: kvoptions 2022-06-15 v3.15 Key value format for package options (HO)
))
\c@section@level=\count293
) (C:\Users\tanya\AppData\Local\Programs\MiKTeX\tex/latex/etoolbox\etoolbox.sty
Package: etoolbox 2025/02/11 v2.5l e-TeX tools for LaTeX (JAW)
\etb@tempcnta=\count294
) (C:\Users\tanya\AppData\Local\Programs\MiKTeX\tex/generic/stringenc\stringenc.sty
Package: stringenc 2019/11/29 v1.12 Convert strings between diff. encodings (HO)
)
\@linkdim=\dimen173
\Hy@linkcounter=\count295
\Hy@pagecounter=\count296
 (C:\Users\tanya\AppData\Local\Programs\MiKTeX\tex/latex/hyperref\pd1enc.def
File: pd1enc.def 2025-07-12 v7.01o Hyperref: PDFDocEncoding definition (HO)
Now handling font encoding PD1 ...
... no UTF-8 mapping file for font encoding PD1
) (C:\Users\tanya\AppData\Local\Programs\MiKTeX\tex/generic/intcalc\intcalc.sty
Package: intcalc 2019/12/15 v1.3 Expandable calculations with integers (HO)
)
\Hy@SavedSpaceFactor=\count297
 (C:\Users\tanya\AppData\Local\Programs\MiKTeX\tex/latex/hyperref\puenc.def
File: puenc.def 2025-07-12 v7.01o Hyperref: PDF Unicode definition (HO)
Now handling font encoding PU ...
... no UTF-8 mapping file for font encoding PU
)
Package hyperref Info: Hyper figures OFF on input line 4195.
Package hyperref Info: Link nesting OFF on input line 4200.
Package hyperref Info: Hyper index ON on input line 4203.
Package hyperref Info: Plain pages OFF on input line 4210.
Package hyperref Info: Backreferencing OFF on input line 4215.
Package hyperref Info: Implicit mode ON; LaTeX internals redefined.
Package hyperref Info: Bookmarks ON on input line 4462.
\c@Hy@tempcnt=\count298
LaTeX Info: Redefining \url on input line 4801.
\XeTeXLinkMargin=\dimen174
 (C:\Users\tanya\AppData\Local\Programs\MiKTeX\tex/generic/bitset\bitset.sty
Package: bitset 2019/12/09 v1.3 Handle bit-vector datatype (HO)
 (C:\Users\tanya\AppData\Local\Programs\MiKTeX\tex/generic/bigintcalc\bigintcalc.sty
Package: bigintcalc 2019/12/15 v1.5 Expandable calculations on big integers (HO)
))
\Fld@menulength=\count299
\Field@Width=\dimen175
\Fld@charsize=\dimen176
Package hyperref Info: Hyper figures OFF on input line 6078.
Package hyperref Info: Link nesting OFF on input line 6083.
Package hyperref Info: Hyper index ON on input line 6086.
Package hyperref Info: backreferencing OFF on input line 6093.
Package hyperref Info: Link coloring OFF on input line 6098.
Package hyperref Info: Link coloring with OCG OFF on input line 6103.
Package hyperref Info: PDF/A mode OFF on input line 6108.
\Hy@abspage=\count300
\c@Item=\count301
\c@Hfootnote=\count302
)
Package hyperref Info: Driver (autodetected): hpdftex.
 (C:\Users\tanya\AppData\Local\Programs\MiKTeX\tex/latex/hyperref\hpdftex.def
File: hpdftex.def 2025-07-12 v7.01o Hyperref driver for pdfTeX
\Fld@listcount=\count303
\c@bookmark@seq@number=\count304
 (C:\Users\tanya\AppData\Local\Programs\MiKTeX\tex/latex/rerunfilecheck\rerunfilecheck.sty
Package: rerunfilecheck 2025-06-21 v1.11 Rerun checks for auxiliary files (HO)
 (C:\Users\tanya\AppData\Local\Programs\MiKTeX\tex/generic/uniquecounter\uniquecounter.sty
Package: uniquecounter 2019/12/15 v1.4 Provide unlimited unique counter (HO)
)
Package uniquecounter Info: New unique counter `rerunfilecheck' on input line 284.
)
\Hy@SectionHShift=\skip51
) (C:\Users\tanya\AppData\Local\Programs\MiKTeX\tex/latex/tools\array.sty
Package: array 2025/06/08 v2.6j Tabular extension package (FMi)
\col@sep=\dimen177
\ar@mcellbox=\box53
\extrarowheight=\dimen178
\NC@list=\toks20
\extratabsurround=\skip52
\backup@length=\skip53
\ar@cellbox=\box54
) (C:\Users\tanya\AppData\Local\Programs\MiKTeX\tex/latex/float\float.sty
Package: float 2001/11/08 v1.3d Float enhancements (AL)
\c@float@type=\count305
\float@exts=\toks21
\float@box=\box55
\@float@everytoks=\toks22
\@floatcapt=\box56
) (C:\Users\tanya\AppData\Local\Programs\MiKTeX\tex/latex/xcolor\xcolor.sty
Package: xcolor 2024/09/29 v3.02 LaTeX color extensions (UK)
 (C:\Users\tanya\AppData\Local\Programs\MiKTeX\tex/latex/graphics-cfg\color.cfg
File: color.cfg 2016/01/02 v1.6 sample color configuration
)
Package xcolor Info: Driver file: pdftex.def on input line 274.
 (C:\Users\tanya\AppData\Local\Programs\MiKTeX\tex/latex/graphics\mathcolor.ltx)
Package xcolor Info: Model `cmy' substituted by `cmy0' on input line 1349.
Package xcolor Info: Model `hsb' substituted by `rgb' on input line 1353.
Package xcolor Info: Model `RGB' extended on input line 1365.
Package xcolor Info: Model `HTML' substituted by `rgb' on input line 1367.
Package xcolor Info: Model `Hsb' substituted by `hsb' on input line 1368.
Package xcolor Info: Model `tHsb' substituted by `hsb' on input line 1369.
Package xcolor Info: Model `HSB' substituted by `hsb' on input line 1370.
Package xcolor Info: Model `Gray' substituted by `gray' on input line 1371.
Package xcolor Info: Model `wave' substituted by `hsb' on input line 1372.
) (C:\Users\tanya\AppData\Local\Programs\MiKTeX\tex/latex/colortbl\colortbl.sty
Package: colortbl 2024/10/29 v1.0k Color table columns (DPC)
\everycr=\toks23
\minrowclearance=\skip54
\rownum=\count306
) (C:\Users\tanya\AppData\Local\Programs\MiKTeX\tex/latex/tools\dcolumn.sty
Package: dcolumn 2023/07/08 v1.06 decimal alignment package (DPC)
) (C:\Users\tanya\AppData\Local\Programs\MiKTeX\tex/latex/multirow\multirow.sty
Package: multirow 2024/11/12 v2.9 Span multiple rows of a table
\multirow@colwidth=\skip55
\multirow@cntb=\count307
\multirow@dima=\skip56
\bigstrutjot=\dimen179
) (C:\Users\tanya\AppData\Local\Programs\MiKTeX\tex/latex/tablefootnote\tablefootnote.sty
Package: tablefootnote 2014/01/26 v1.1c Table foot notes (HMM)
 (C:\Users\tanya\AppData\Local\Programs\MiKTeX\tex/latex/letltxmacro\letltxmacro.sty
Package: letltxmacro 2019/12/03 v1.6 Let assignment for LaTeX macros (HO)
) (C:\Users\tanya\AppData\Local\Programs\MiKTeX\tex/latex/xifthen\xifthen.sty
Package: xifthen 2015/11/05 v1.4.0 Extended ifthen features
 (C:\Users\tanya\AppData\Local\Programs\MiKTeX\tex/latex/tools\calc.sty
Package: calc 2025/03/01 v4.3b Infix arithmetic (KKT,FJ)
\calc@Acount=\count308
\calc@Bcount=\count309
\calc@Adimen=\dimen180
\calc@Bdimen=\dimen181
\calc@Askip=\skip57
\calc@Bskip=\skip58
LaTeX Info: Redefining \setlength on input line 86.
LaTeX Info: Redefining \addtolength on input line 87.
\calc@Ccount=\count310
\calc@Cskip=\skip59
) (C:\Users\tanya\AppData\Local\Programs\MiKTeX\tex/latex/base\ifthen.sty
Package: ifthen 2024/03/16 v1.1e Standard LaTeX ifthen package (DPC)
) (C:\Users\tanya\AppData\Local\Programs\MiKTeX\tex/latex/ifmtarg\ifmtarg.sty
Package: ifmtarg 2018/04/16 v1.2b check for an empty argument
))) (C:\Users\tanya\AppData\Local\Programs\MiKTeX\tex/latex/amsmath\amsmath.sty
Package: amsmath 2025/06/16 v2.17y AMS math features
\@mathmargin=\skip60

For additional information on amsmath, use the `?' option.
(C:\Users\tanya\AppData\Local\Programs\MiKTeX\tex/latex/amsmath\amstext.sty
Package: amstext 2024/11/17 v2.01 AMS text
 (C:\Users\tanya\AppData\Local\Programs\MiKTeX\tex/latex/amsmath\amsgen.sty
File: amsgen.sty 1999/11/30 v2.0 generic functions
\@emptytoks=\toks24
\ex@=\dimen182
)) (C:\Users\tanya\AppData\Local\Programs\MiKTeX\tex/latex/amsmath\amsbsy.sty
Package: amsbsy 1999/11/29 v1.2d Bold Symbols
\pmbraise@=\dimen183
) (C:\Users\tanya\AppData\Local\Programs\MiKTeX\tex/latex/amsmath\amsopn.sty
Package: amsopn 2022/04/08 v2.04 operator names
)
\inf@bad=\count311
LaTeX Info: Redefining \frac on input line 233.
\uproot@=\count312
\leftroot@=\count313
LaTeX Info: Redefining \overline on input line 398.
LaTeX Info: Redefining \colon on input line 409.
\classnum@=\count314
\DOTSCASE@=\count315
LaTeX Info: Redefining \ldots on input line 495.
LaTeX Info: Redefining \dots on input line 498.
LaTeX Info: Redefining \cdots on input line 619.
\Mathstrutbox@=\box57
\strutbox@=\box58
LaTeX Info: Redefining \big on input line 721.
LaTeX Info: Redefining \Big on input line 722.
LaTeX Info: Redefining \bigg on input line 723.
LaTeX Info: Redefining \Bigg on input line 724.
\big@size=\dimen184
LaTeX Font Info:    Redeclaring font encoding OML on input line 742.
LaTeX Font Info:    Redeclaring font encoding OMS on input line 743.
\macc@depth=\count316
LaTeX Info: Redefining \bmod on input line 904.
LaTeX Info: Redefining \pmod on input line 909.
LaTeX Info: Redefining \smash on input line 939.
LaTeX Info: Redefining \relbar on input line 969.
LaTeX Info: Redefining \Relbar on input line 970.
\c@MaxMatrixCols=\count317
\dotsspace@=\muskip18
\c@parentequation=\count318
\dspbrk@lvl=\count319
\tag@help=\toks25
\row@=\count320
\column@=\count321
\maxfields@=\count322
\andhelp@=\toks26
\eqnshift@=\dimen185
\alignsep@=\dimen186
\tagshift@=\dimen187
\tagwidth@=\dimen188
\totwidth@=\dimen189
\lineht@=\dimen190
\@envbody=\toks27
\multlinegap=\skip61
\multlinetaggap=\skip62
\mathdisplay@stack=\toks28
LaTeX Info: Redefining \[ on input line 2949.
LaTeX Info: Redefining \] on input line 2950.
) (C:\Users\tanya\AppData\Local\Programs\MiKTeX\tex/latex/listings\listings.sty
\lst@mode=\count323
\lst@gtempboxa=\box59
\lst@token=\toks29
\lst@length=\count324
\lst@currlwidth=\dimen191
\lst@column=\count325
\lst@pos=\count326
\lst@lostspace=\dimen192
\lst@width=\dimen193
\lst@newlines=\count327
\lst@lineno=\count328
\lst@maxwidth=\dimen194
 (C:\Users\tanya\AppData\Local\Programs\MiKTeX\tex/latex/listings\lstpatch.sty
File: lstpatch.sty 2024/09/23 1.10c (Carsten Heinz)
) (C:\Users\tanya\AppData\Local\Programs\MiKTeX\tex/latex/listings\lstmisc.sty
File: lstmisc.sty 2024/09/23 1.10c (Carsten Heinz)
\c@lstnumber=\count329
\lst@skipnumbers=\count330
\lst@framebox=\box60
) (C:\Users\tanya\AppData\Local\Programs\MiKTeX\tex/latex/listings\listings.cfg
File: listings.cfg 2024/09/23 1.10c listings configuration
))
Package: listings 2024/09/23 1.10c (Carsten Heinz)
 (C:\Users\tanya\AppData\Local\Programs\MiKTeX\tex/latex/amsfonts\amssymb.sty
Package: amssymb 2013/01/14 v3.01 AMS font symbols
 (C:\Users\tanya\AppData\Local\Programs\MiKTeX\tex/latex/amsfonts\amsfonts.sty
Package: amsfonts 2013/01/14 v3.01 Basic AMSFonts support
\symAMSa=\mathgroup4
\symAMSb=\mathgroup5
LaTeX Font Info:    Redeclaring math symbol \hbar on input line 98.
LaTeX Font Info:    Overwriting math alphabet `\mathfrak' in version `bold'
(Font)                  U/euf/m/n --> U/euf/b/n on input line 106.
)) (C:\Users\tanya\AppData\Local\Programs\MiKTeX\tex/latex/makecell\makecell.sty
Package: makecell 2009/08/03 V0.1e Managing of Tab Column Heads and Cells
\rotheadsize=\dimen195
\c@nlinenum=\count331
\TeXr@lab=\toks30
) (C:\Users\tanya\AppData\Local\Programs\MiKTeX\tex/latex/geometry\geometry.sty
Package: geometry 2020/01/02 v5.9 Page Geometry
 (C:\Users\tanya\AppData\Local\Programs\MiKTeX\tex/generic/iftex\ifvtex.sty
Package: ifvtex 2019/10/25 v1.7 ifvtex legacy package. Use iftex instead.
)
\Gm@cnth=\count332
\Gm@cntv=\count333
\c@Gm@tempcnt=\count334
\Gm@bindingoffset=\dimen196
\Gm@wd@mp=\dimen197
\Gm@odd@mp=\dimen198
\Gm@even@mp=\dimen199
\Gm@layoutwidth=\dimen256
\Gm@layoutheight=\dimen257
\Gm@layouthoffset=\dimen258
\Gm@layoutvoffset=\dimen259
\Gm@dimlist=\toks31
 (C:\Users\tanya\AppData\Local\Programs\MiKTeX\tex/latex/geometry\geometry.cfg)) (C:\Users\tanya\AppData\Local\Programs\MiKTeX\tex/latex/csquotes\csquotes.sty
Package: csquotes 2024-04-04 v5.2o context-sensitive quotations (JAW)
\csq@reset=\count335
\csq@gtype=\count336
\csq@glevel=\count337
\csq@qlevel=\count338
\csq@maxlvl=\count339
\csq@tshold=\count340
\csq@ltx@everypar=\toks32
 (C:\Users\tanya\AppData\Local\Programs\MiKTeX\tex/latex/csquotes\csquotes.def
File: csquotes.def 2024-04-04 v5.2o csquotes generic definitions (JAW)
)
Package csquotes Info: Trying to load configuration file 'csquotes.cfg'...
Package csquotes Info: ... configuration file loaded successfully.
 (C:\Users\tanya\AppData\Local\Programs\MiKTeX\tex/latex/csquotes\csquotes.cfg
File: csquotes.cfg 
)
Package csquotes Info: Enabling multilingual quotes.
Package csquotes Info: Redefining alias 'italian' -> 'italian/guillemets'.
) (C:\Users\tanya\AppData\Local\Programs\MiKTeX\tex/latex/siunitx\siunitx.sty
Package: siunitx 2025-07-09 v3.4.14 A comprehensive (SI) units package
\l__siunitx_number_uncert_offset_int=\count341
\l__siunitx_number_exponent_fixed_int=\count342
\l__siunitx_number_min_decimal_int=\count343
\l__siunitx_number_min_integer_int=\count344
\l__siunitx_number_round_precision_int=\count345
\l__siunitx_number_lower_threshold_int=\count346
\l__siunitx_number_upper_threshold_int=\count347
\l__siunitx_number_group_first_int=\count348
\l__siunitx_number_group_size_int=\count349
\l__siunitx_number_group_minimum_int=\count350
\l__siunitx_angle_tmp_dim=\dimen260
\l__siunitx_angle_marker_box=\box61
\l__siunitx_angle_unit_box=\box62
\l__siunitx_compound_count_int=\count351
 (C:\Users\tanya\AppData\Local\Programs\MiKTeX\tex/latex/translations\translations.sty
Package: translations 2022/02/05 v1.12 internationalization of LaTeX2e packages (CN)
)
\l__siunitx_table_tmp_box=\box63
\l__siunitx_table_tmp_dim=\dimen261
\l__siunitx_table_column_width_dim=\dimen262
\l__siunitx_table_integer_box=\box64
\l__siunitx_table_decimal_box=\box65
\l__siunitx_table_uncert_box=\box66
\l__siunitx_table_before_box=\box67
\l__siunitx_table_after_box=\box68
\l__siunitx_table_before_dim=\dimen263
\l__siunitx_table_carry_dim=\dimen264
\l__siunitx_unit_tmp_int=\count352
\l__siunitx_unit_position_int=\count353
\l__siunitx_unit_total_int=\count354
) (C:\Users\tanya\AppData\Local\Programs\MiKTeX\tex/latex/tools\longtable.sty
Package: longtable 2024-12-18 v4.23 Multi-page Table package (DPC)
\LTleft=\skip63
\LTright=\skip64
\LTpre=\skip65
\LTpost=\skip66
\LTchunksize=\count355
\LTcapwidth=\dimen265
\LT@head=\box69
\LT@firsthead=\box70
\LT@foot=\box71
\LT@lastfoot=\box72
\LT@gbox=\box73
\LT@cols=\count356
\LT@rows=\count357
\c@LT@tables=\count358
\c@LT@chunks=\count359
\LT@p@ftn=\toks33
) (C:\Users\tanya\AppData\Local\Programs\MiKTeX\tex/latex/wrapfig\wrapfig.sty
\wrapoverhang=\dimen266
\WF@size=\dimen267
\c@WF@wrappedlines=\count360
\WF@box=\box74
\WF@everypar=\toks34
Package: wrapfig 2003/01/31  v 3.6
)
Package csquotes Info: Checking for multilingual support...
Package csquotes Info: ... found 'babel' package.
LaTeX Font Info:    Trying to load font information for T1+lmr on input line 75.
 (C:\Users\tanya\AppData\Local\Programs\MiKTeX\tex/latex/lm\t1lmr.fd
File: t1lmr.fd 2015/05/01 v1.6.1 Font defs for Latin Modern
) (C:\Users\tanya\AppData\Local\Programs\MiKTeX\tex/latex/l3backend\l3backend-pdftex.def
File: l3backend-pdftex.def 2025-06-09 L3 backend support: PDF output (pdfTeX)
\l__color_backend_stack_int=\count361
) (main.aux

LaTeX Warning: Label `fig:cm_nn_titletype' multiply defined.

)
\openout1 = `main.aux'.

LaTeX Font Info:    Checking defaults for OML/cmm/m/it on input line 75.
LaTeX Font Info:    ... okay on input line 75.
LaTeX Font Info:    Checking defaults for OMS/cmsy/m/n on input line 75.
LaTeX Font Info:    ... okay on input line 75.
LaTeX Font Info:    Checking defaults for OT1/cmr/m/n on input line 75.
LaTeX Font Info:    ... okay on input line 75.
LaTeX Font Info:    Checking defaults for T1/cmr/m/n on input line 75.
LaTeX Font Info:    ... okay on input line 75.
LaTeX Font Info:    Checking defaults for TS1/cmr/m/n on input line 75.
LaTeX Font Info:    ... okay on input line 75.
LaTeX Font Info:    Checking defaults for OMX/cmex/m/n on input line 75.
LaTeX Font Info:    ... okay on input line 75.
LaTeX Font Info:    Checking defaults for U/cmr/m/n on input line 75.
LaTeX Font Info:    ... okay on input line 75.
LaTeX Font Info:    Checking defaults for PD1/pdf/m/n on input line 75.
LaTeX Font Info:    ... okay on input line 75.
LaTeX Font Info:    Checking defaults for PU/pdf/m/n on input line 75.
LaTeX Font Info:    ... okay on input line 75.
 (C:\Users\tanya\AppData\Local\Programs\MiKTeX\tex/context/base/mkii\supp-pdf.mkii
[Loading MPS to PDF converter (version 2006.09.02).]
\scratchcounter=\count362
\scratchdimen=\dimen268
\scratchbox=\box75
\nofMPsegments=\count363
\nofMParguments=\count364
\everyMPshowfont=\toks35
\MPscratchCnt=\count365
\MPscratchDim=\dimen269
\MPnumerator=\count366
\makeMPintoPDFobject=\count367
\everyMPtoPDFconversion=\toks36
) (C:\Users\tanya\AppData\Local\Programs\MiKTeX\tex/latex/epstopdf-pkg\epstopdf-base.sty
Package: epstopdf-base 2020-01-24 v2.11 Base part for package epstopdf
Package epstopdf-base Info: Redefining graphics rule for `.eps' on input line 485.
 (C:\Users\tanya\AppData\Local\Programs\MiKTeX\tex/latex/00miktex\epstopdf-sys.cfg
File: epstopdf-sys.cfg 2021/03/18 v2.0 Configuration of epstopdf for MiKTeX
))
Package caption Info: Begin \AtBeginDocument code.
Package caption Info: float package is loaded.
Package caption Info: hyperref package is loaded.
Package caption Info: listings package is loaded.
Package caption Info: longtable package is loaded.
 (C:\Users\tanya\AppData\Local\Programs\MiKTeX\tex/latex/caption\ltcaption.sty
Package: ltcaption 2021/01/08 v1.4c longtable captions (AR)
)
Package caption Info: wrapfig package is loaded.
Package caption Info: End \AtBeginDocument code.
Package hyperref Info: Link coloring OFF on input line 75.
 (main.out) (main.out)
\@outlinefile=\write3
\openout3 = `main.out'.

\c@lstlisting=\count368

*geometry* driver: auto-detecting
*geometry* detected driver: pdftex
*geometry* verbose mode - [ preamble ] result:
* driver: pdftex
* paper: a4paper
* layout: <same size as paper>
* layoutoffset:(h,v)=(0.0pt,0.0pt)
* modes: 
* h-part:(L,W,R)=(56.9055pt, 483.69687pt, 56.9055pt)
* v-part:(T,H,B)=(56.9055pt, 731.23584pt, 56.9055pt)
* \paperwidth=597.50787pt
* \paperheight=845.04684pt
* \textwidth=483.69687pt
* \textheight=731.23584pt
* \oddsidemargin=-15.36449pt
* \evensidemargin=-15.36449pt
* \topmargin=-52.36449pt
* \headheight=12.0pt
* \headsep=25.0pt
* \topskip=10.0pt
* \footskip=30.0pt
* \marginparwidth=57.0pt
* \marginparsep=11.0pt
* \columnsep=10.0pt
* \skip\footins=9.0pt plus 4.0pt minus 2.0pt
* \hoffset=0.0pt
* \voffset=0.0pt
* \mag=1000
* \@twocolumnfalse
* \@twosidefalse
* \@mparswitchfalse
* \@reversemarginfalse
* (1in=72.27pt=25.4mm, 1cm=28.453pt)

(C:\Users\tanya\AppData\Local\Programs\MiKTeX\tex/latex/translations/dicts\translations-basic-dictionary-english.trsl
File: translations-basic-dictionary-english.trsl (english translation file `translations-basic-dictionary')
)
Package translations Info: loading dictionary `translations-basic-dictionary' for `english'. on input line 75.
<cherubino_pant541.pdf, id=115, 288.07625pt x 294.09875pt>
File: cherubino_pant541.pdf Graphic file (type pdf)
<use cherubino_pant541.pdf>
Package pdftex.def Info: cherubino_pant541.pdf  used on input line 81.
(pdftex.def)             Requested size: 85.35826pt x 87.1443pt.


[0

{C:/Users/tanya/AppData/Local/MiKTeX/fonts/map/pdftex/pdftex.map}{C:/Users/tanya/AppData/Local/Programs/MiKTeX/fonts/enc/dvips/lm/lm-ec.enc} <./cherubino_pant541.pdf>] (main.toc
LaTeX Font Info:    Trying to load font information for OT1+lmr on input line 3.
 (C:\Users\tanya\AppData\Local\Programs\MiKTeX\tex/latex/lm\ot1lmr.fd
File: ot1lmr.fd 2015/05/01 v1.6.1 Font defs for Latin Modern
)
LaTeX Font Info:    Trying to load font information for OML+lmm on input line 3.
 (C:\Users\tanya\AppData\Local\Programs\MiKTeX\tex/latex/lm\omllmm.fd
File: omllmm.fd 2015/05/01 v1.6.1 Font defs for Latin Modern
)
LaTeX Font Info:    Trying to load font information for OMS+lmsy on input line 3.
 (C:\Users\tanya\AppData\Local\Programs\MiKTeX\tex/latex/lm\omslmsy.fd
File: omslmsy.fd 2015/05/01 v1.6.1 Font defs for Latin Modern
)
LaTeX Font Info:    Trying to load font information for OMX+lmex on input line 3.
 (C:\Users\tanya\AppData\Local\Programs\MiKTeX\tex/latex/lm\omxlmex.fd
File: omxlmex.fd 2015/05/01 v1.6.1 Font defs for Latin Modern
)
LaTeX Font Info:    External font `lmex10' loaded for size
(Font)              <10> on input line 3.
LaTeX Font Info:    External font `lmex10' loaded for size
(Font)              <7> on input line 3.
LaTeX Font Info:    External font `lmex10' loaded for size
(Font)              <5> on input line 3.
LaTeX Font Info:    Trying to load font information for U+msa on input line 3.
 (C:\Users\tanya\AppData\Local\Programs\MiKTeX\tex/latex/amsfonts\umsa.fd
File: umsa.fd 2013/01/14 v3.01 AMS symbols A
)
LaTeX Font Info:    Trying to load font information for U+msb on input line 3.
 (C:\Users\tanya\AppData\Local\Programs\MiKTeX\tex/latex/amsfonts\umsb.fd
File: umsb.fd 2013/01/14 v3.01 AMS symbols B
))
\tf@toc=\write4
\openout4 = `main.toc'.



[1] (introduction.tex
LaTeX Font Info:    Trying to load font information for T1+lmtt on input line 5.
 (C:\Users\tanya\AppData\Local\Programs\MiKTeX\tex/latex/lm\t1lmtt.fd
File: t1lmtt.fd 2015/05/01 v1.6.1 Font defs for Latin Modern
)) (understanding_preparation.tex
LaTeX Font Info:    Trying to load font information for TS1+lmr on input line 34.
 (C:\Users\tanya\AppData\Local\Programs\MiKTeX\tex/latex/lm\ts1lmr.fd
File: ts1lmr.fd 2015/05/01 v1.6.1 Font defs for Latin Modern
)

[2

{C:/Users/tanya/AppData/Local/Programs/MiKTeX/fonts/enc/dvips/lm/lm-ts1.enc}]

LaTeX Warning: Reference `fig:skewness' on page 3 undefined on input line 91.

<plotsss/rating_distrib.png, id=176, 403.2666pt x 284.0211pt>
File: plotsss/rating_distrib.png Graphic file (type png)
<use plotsss/rating_distrib.png>
Package pdftex.def Info: plotsss/rating_distrib.png  used on input line 99.
(pdftex.def)             Requested size: 290.22107pt x 204.40836pt.

Overfull \hbox (5.60744pt too wide) in paragraph at lines 113--115
[]\T1/lmtt/m/n/10 awardWins \T1/lmr/m/n/10 and \T1/lmtt/m/n/10 awardNominations\T1/lmr/m/n/10 , were merged with the same pro-ce-dure as above into \T1/lmtt/m/n/10 totalNominations\T1/lmr/m/n/10 ,
 []



[3 <./plotsss/rating_distrib.png>]
Overfull \hbox (27.1907pt too wide) in paragraph at lines 115--117
[]\T1/lmtt/m/n/10 userReviewsTotal \T1/lmr/m/n/10 and\T1/lmtt/m/n/10 criticReviewsTotal\T1/lmr/m/n/10 ,were merged with the same pro-ce-dure as above into \T1/lmtt/m/n/10 reviewsTotal\T1/lmr/m/n/10 ,
 []


Overfull \hbox (4.52591pt too wide) in paragraph at lines 123--131
[]\T1/lmtt/m/n/10 genre\T1/lmr/m/n/10 , it was ob-served that each record con-tained up to three gen-res, listed in al-pha-bet-i-cal or-der^^Vindicating
 []


Overfull \hbox (26.80513pt too wide) in paragraph at lines 133--138
[]\T1/lmtt/m/n/10 deltaCredits\T1/lmr/m/n/10 , was cre-ated as the dif-fer-ence be-tween \T1/lmtt/m/n/10 totalCredits \T1/lmr/m/n/10 and the sum of \T1/lmtt/m/n/10 castNumber\T1/lmr/m/n/10 , \T1/lmtt/m/n/10 writerCredits
 []

) (outliers.tex

[4]

LaTeX Warning: No positions in optional float specifier.
               Default added (so using `tbp') on input line 42.

<plotsss/LOF.png, id=193, 634.5306pt x 407.6028pt>
File: plotsss/LOF.png Graphic file (type png)
<use plotsss/LOF.png>
Package pdftex.def Info: plotsss/LOF.png  used on input line 84.
(pdftex.def)             Requested size: 154.78653pt x 99.43129pt.
<plotsss/ISF.png, id=194, 622.9674pt x 393.8715pt>
File: plotsss/ISF.png Graphic file (type png)
<use plotsss/ISF.png>
Package pdftex.def Info: plotsss/ISF.png  used on input line 91.
(pdftex.def)             Requested size: 154.78653pt x 97.86061pt.
<plotsss/ABOD.png, id=195, 622.9674pt x 393.8715pt>
File: plotsss/ABOD.png Graphic file (type png)
<use plotsss/ABOD.png>
Package pdftex.def Info: plotsss/ABOD.png  used on input line 98.
(pdftex.def)             Requested size: 154.78653pt x 97.86061pt.
) (imbalanced_learning.tex

[5 <./plotsss/LOF.png> <./plotsss/ISF.png> <./plotsss/ABOD.png>]

LaTeX Warning: No positions in optional float specifier.
               Default added (so using `tbp') on input line 17.



[6]) (advanced_classification.tex

LaTeX Warning: Reference `sec:understanding_preparation' on page 7 undefined on input line 8.



[7]
Overfull \hbox (12.24997pt too wide) in paragraph at lines 41--50
[]\T1/lmr/m/n/10 To op-ti-mize the model, a hy-per-pa-ram-e-ter search was per-formed us-ing \T1/lmtt/m/n/10 RandomizedSearchCV \T1/lmr/m/n/10 with \T1/lmtt/m/n/10 StratifiedKFold
 []

LaTeX Font Info:    External font `lmex10' loaded for size
(Font)              <9> on input line 66.
LaTeX Font Info:    External font `lmex10' loaded for size
(Font)              <6> on input line 66.

Overfull \hbox (4.10635pt too wide) in paragraph at lines 66--82
 [][] 
 []

<plotsss/log_roc_curves_t.png, id=220, 387.3672pt x 338.2236pt>
File: plotsss/log_roc_curves_t.png Graphic file (type png)
<use plotsss/log_roc_curves_t.png>
Package pdftex.def Info: plotsss/log_roc_curves_t.png  used on input line 86.
(pdftex.def)             Requested size: 193.47578pt x 168.93076pt.

Overfull \hbox (5.9144pt too wide) in paragraph at lines 114--118
\T1/lmr/m/n/10 and neg-a-tively by \T1/lmtt/m/n/10 companiesNumber\T1/lmr/m/n/10 ; \T1/lmtt/m/n/10 tvEpisode \T1/lmr/m/n/10 is pos-i-tively in-flu-enced by \T1/lmtt/m/n/10 Europe \T1/lmr/m/n/10 and neg-a-tively by \T1/lmtt/m/n/10 numRegions\T1/lmr/m/n/10 . 
 []



[8{C:/Users/tanya/AppData/Local/Programs/MiKTeX/fonts/enc/dvips/lm/lm-mathit.enc}{C:/Users/tanya/AppData/Local/Programs/MiKTeX/fonts/enc/dvips/lm/lm-rm.enc}{C:/Users/tanya/AppData/Local/Programs/MiKTeX/fonts/enc/dvips/lm/lm-mathsy.enc} <./plotsss/log_roc_curves_t.png>]
Overfull \hbox (4.10635pt too wide) in paragraph at lines 166--182
 [][] 
 []

<plotsss/log_roc_curves_rating.png, id=236, 387.3672pt x 338.2236pt>
File: plotsss/log_roc_curves_rating.png Graphic file (type png)
<use plotsss/log_roc_curves_rating.png>
Package pdftex.def Info: plotsss/log_roc_curves_rating.png  used on input line 186.
(pdftex.def)             Requested size: 193.47578pt x 168.93076pt.

LaTeX Warning: `h' float specifier changed to `ht'.

<plotsss/new_cm_rbf_balanced.png, id=240, 391.7034pt x 327.3831pt>
File: plotsss/new_cm_rbf_balanced.png Graphic file (type png)
<use plotsss/new_cm_rbf_balanced.png>
Package pdftex.def Info: plotsss/new_cm_rbf_balanced.png  used on input line 311.
(pdftex.def)             Requested size: 227.3381pt x 190.0122pt.
<plotsss/new_roc_rbf_balanced.png, id=241, 387.3672pt x 338.2236pt>
File: plotsss/new_roc_rbf_balanced.png Graphic file (type png)
<use plotsss/new_roc_rbf_balanced.png>
Package pdftex.def Info: plotsss/new_roc_rbf_balanced.png  used on input line 317.
(pdftex.def)             Requested size: 207.9861pt x 181.6007pt.

LaTeX Warning: `h' float specifier changed to `ht'.



[9 <./plotsss/log_roc_curves_rating.png>]
Underfull \hbox (badness 10000) in paragraph at lines 363--367

 []


Underfull \hbox (badness 10000) in paragraph at lines 368--371

 []


Underfull \hbox (badness 10000) in paragraph at lines 372--375

 []



[10 <./plotsss/new_cm_rbf_balanced.png> <./plotsss/new_roc_rbf_balanced.png>]
<plotsss/conf_matr_rf_rating.png, id=261, 312.2064pt x 328.8285pt>
File: plotsss/conf_matr_rf_rating.png Graphic file (type png)
<use plotsss/conf_matr_rf_rating.png>
Package pdftex.def Info: plotsss/conf_matr_rf_rating.png  used on input line 469.
(pdftex.def)             Requested size: 212.82779pt x 224.15736pt.
<plotsss/roc_rf_rating.png, id=262, 387.3672pt x 339.669pt>
File: plotsss/roc_rf_rating.png Graphic file (type png)
<use plotsss/roc_rf_rating.png>
Package pdftex.def Info: plotsss/roc_rf_rating.png  used on input line 476.
(pdftex.def)             Requested size: 251.52443pt x 220.55418pt.


[11]
Underfull \hbox (badness 10000) in paragraph at lines 500--503

 []


Underfull \hbox (badness 10000) in paragraph at lines 504--506

 []


Underfull \hbox (badness 10000) in paragraph at lines 507--513

 []


Underfull \hbox (badness 10000) in paragraph at lines 568--578

 []

<plotsss/conf_matr_rf_titletype.png, id=274, 352.6776pt x 328.8285pt>
File: plotsss/conf_matr_rf_titletype.png Graphic file (type png)
<use plotsss/conf_matr_rf_titletype.png>
Package pdftex.def Info: plotsss/conf_matr_rf_titletype.png  used on input line 583.
(pdftex.def)             Requested size: 227.3381pt x 211.96481pt.
<plotsss/roc_rf_titletype.png, id=275, 387.3672pt x 339.669pt>
File: plotsss/roc_rf_titletype.png Graphic file (type png)
<use plotsss/roc_rf_titletype.png>
Package pdftex.def Info: plotsss/roc_rf_titletype.png  used on input line 590.
(pdftex.def)             Requested size: 241.84843pt x 212.06973pt.


[12 <./plotsss/conf_matr_rf_rating.png> <./plotsss/roc_rf_rating.png>]
Underfull \hbox (badness 10000) in paragraph at lines 607--609

 []


Underfull \hbox (badness 10000) in paragraph at lines 632--645

 []

<plotsss/loss_rating.png, id=288, 399.6531pt x 284.0211pt>
File: plotsss/loss_rating.png Graphic file (type png)
<use plotsss/loss_rating.png>
Package pdftex.def Info: plotsss/loss_rating.png  used on input line 650.
(pdftex.def)             Requested size: 232.17242pt x 165.00104pt.
<plotsss/accuracy_rating.png, id=289, 393.8715pt x 284.0211pt>
File: plotsss/accuracy_rating.png Graphic file (type png)
<use plotsss/accuracy_rating.png>
Package pdftex.def Info: plotsss/accuracy_rating.png  used on input line 657.
(pdftex.def)             Requested size: 232.17242pt x 167.42365pt.


[13 <./plotsss/conf_matr_rf_titletype.png> <./plotsss/roc_rf_titletype.png>]
<plotsss/cm_nn_rating.png, id=297, 312.2064pt x 328.8285pt>
File: plotsss/cm_nn_rating.png Graphic file (type png)
<use plotsss/cm_nn_rating.png>
Package pdftex.def Info: plotsss/cm_nn_rating.png  used on input line 669.
(pdftex.def)             Requested size: 217.66211pt x 229.25014pt.
<plotsss/roc_nn_rating.png, id=298, 387.3672pt x 339.669pt>
File: plotsss/roc_nn_rating.png Graphic file (type png)
<use plotsss/roc_nn_rating.png>
Package pdftex.def Info: plotsss/roc_nn_rating.png  used on input line 676.
(pdftex.def)             Requested size: 256.35875pt x 224.80418pt.
<plotsss/loss_titletype.png, id=299, 393.1488pt x 284.0211pt>
File: plotsss/loss_titletype.png Graphic file (type png)
<use plotsss/loss_titletype.png>
Package pdftex.def Info: plotsss/loss_titletype.png  used on input line 711.
(pdftex.def)             Requested size: 232.17242pt x 167.727pt.
<plotsss/accuracy_titletype.png, id=300, 393.8715pt x 284.0211pt>
File: plotsss/accuracy_titletype.png Graphic file (type png)
<use plotsss/accuracy_titletype.png>
Package pdftex.def Info: plotsss/accuracy_titletype.png  used on input line 718.
(pdftex.def)             Requested size: 232.17242pt x 167.42365pt.


[14 <./plotsss/loss_rating.png> <./plotsss/accuracy_rating.png> <./plotsss/cm_nn_rating.png> <./plotsss/roc_nn_rating.png>]
<plotsss/cm_nn_titletype.png, id=311, 352.6776pt x 328.8285pt>
File: plotsss/cm_nn_titletype.png Graphic file (type png)
<use plotsss/cm_nn_titletype.png>
Package pdftex.def Info: plotsss/cm_nn_titletype.png  used on input line 732.
(pdftex.def)             Requested size: 227.3381pt x 211.96481pt.
<plotsss/roc_nn_titletype.png, id=312, 387.3672pt x 339.669pt>
File: plotsss/roc_nn_titletype.png Graphic file (type png)
<use plotsss/roc_nn_titletype.png>
Package pdftex.def Info: plotsss/roc_nn_titletype.png  used on input line 739.
(pdftex.def)             Requested size: 241.84843pt x 212.06973pt.


[15 <./plotsss/loss_titletype.png> <./plotsss/accuracy_titletype.png> <./plotsss/cm_nn_titletype.png> <./plotsss/roc_nn_titletype.png>]
Overfull \hbox (4.10635pt too wide) in paragraph at lines 805--821
 [][] 
 []

<plotsss/GBM_confusion_title.png, id=325, 422.7795pt x 400.3758pt>
File: plotsss/GBM_confusion_title.png Graphic file (type png)
<use plotsss/GBM_confusion_title.png>
Package pdftex.def Info: plotsss/GBM_confusion_title.png  used on input line 825.
(pdftex.def)             Requested size: 193.47578pt x 183.22816pt.
<plotsss/GBM_ROC_title.png, id=326, 390.258pt x 341.8371pt>
File: plotsss/GBM_ROC_title.png Graphic file (type png)
<use plotsss/GBM_ROC_title.png>
Package pdftex.def Info: plotsss/GBM_ROC_title.png  used on input line 831.
(pdftex.def)             Requested size: 193.47578pt x 169.47328pt.


[16 <./plotsss/GBM_confusion_title.png> <./plotsss/GBM_ROC_title.png>]
Overfull \hbox (4.10635pt too wide) in paragraph at lines 862--878
 [][] 
 []

<plotsss/GBM_confusion_rating.png, id=337, 401.8212pt x 422.0568pt>
File: plotsss/GBM_confusion_rating.png Graphic file (type png)
<use plotsss/GBM_confusion_rating.png>
Package pdftex.def Info: plotsss/GBM_confusion_rating.png  used on input line 882.
(pdftex.def)             Requested size: 193.47578pt x 203.22252pt.

Underfull \hbox (badness 2903) in paragraph at lines 883--883
[]\T1/lmr/m/n/10 Figure 14: |Con-fu-sion Ma-trix Gra-di-ent
 []

<plotsss/GBM_ROC_rating.png, id=338, 390.258pt x 341.8371pt>
File: plotsss/GBM_ROC_rating.png Graphic file (type png)
<use plotsss/GBM_ROC_rating.png>
Package pdftex.def Info: plotsss/GBM_ROC_rating.png  used on input line 888.
(pdftex.def)             Requested size: 193.47578pt x 169.47328pt.


[17 <./plotsss/GBM_confusion_rating.png> <./plotsss/GBM_ROC_rating.png>]
<plotsss/Lime_title.png, id=349, 954.56625pt x 498.36188pt>
File: plotsss/Lime_title.png Graphic file (type png)
<use plotsss/Lime_title.png>
Package pdftex.def Info: plotsss/Lime_title.png  used on input line 937.
(pdftex.def)             Requested size: 483.69687pt x 252.52625pt.

Underfull \hbox (badness 10000) in paragraph at lines 941--956

 []



[18 <./plotsss/Lime_title.png>]
<plotsss/title_coeff.png, id=360, 444.15938pt x 116.68594pt>
File: plotsss/title_coeff.png Graphic file (type png)
<use plotsss/title_coeff.png>
Package pdftex.def Info: plotsss/title_coeff.png  used on input line 973.
(pdftex.def)             Requested size: 338.58632pt x 88.9493pt.
<plotsss/Lime_rating.png, id=361, 870.25125pt x 523.20468pt>
File: plotsss/Lime_rating.png Graphic file (type png)
<use plotsss/Lime_rating.png>
Package pdftex.def Info: plotsss/Lime_rating.png  used on input line 982.
(pdftex.def)             Requested size: 483.69687pt x 290.81314pt.


[19 <./plotsss/title_coeff.png> <./plotsss/Lime_rating.png>]
<plotsss/rating_coeff.png, id=370, 470.50781pt x 118.94438pt>
File: plotsss/rating_coeff.png Graphic file (type png)
<use plotsss/rating_coeff.png>
Package pdftex.def Info: plotsss/rating_coeff.png  used on input line 1004.
(pdftex.def)             Requested size: 338.58632pt x 85.5945pt.
) (advanced_regression.tex

[20 <./plotsss/rating_coeff.png>]
<plotsss/rf_top18_actual_vs_predicted.png, id=383, 409.0482pt x 336.7782pt>
File: plotsss/rf_top18_actual_vs_predicted.png Graphic file (type png)
<use plotsss/rf_top18_actual_vs_predicted.png>
Package pdftex.def Info: plotsss/rf_top18_actual_vs_predicted.png  used on input line 58.
(pdftex.def)             Requested size: 338.58632pt x 278.77556pt.
) (ts.tex

[21 <./plotsss/rf_top18_actual_vs_predicted.png>])

[22] (main.aux)
 ***********
LaTeX2e <2025-06-01> patch level 1
L3 programming layer <2025-07-20>
 ***********


LaTeX Warning: There were undefined references.


LaTeX Warning: There were multiply-defined labels.

Package rerunfilecheck Info: File `main.out' has not changed.
(rerunfilecheck)             Checksum: A4FBECF3557CE3AC0C1F5992B0C1FC56;4259.
 ) 
Here is how much of TeX's memory you used:
 20847 strings out of 468134
 397762 string characters out of 5430740
 796191 words of memory out of 5000000
 49067 multiletter control sequences out of 15000+600000
 693653 words of font info for 85 fonts, out of 8000000 for 9000
 1141 hyphenation exceptions out of 8191
 75i,13n,79p,442b,1167s stack positions out of 10000i,1000n,20000p,200000b,200000s
<C:/Users/tanya/AppData/Local/Programs/MiKTeX/fonts/type1/public/lm/lmbx10.pfb><C:/Users/tanya/AppData/Local/Programs/MiKTeX/fonts/type1/public/lm/lmbx12.pfb><C:/Users/tanya/AppData/Local/Programs/MiKTeX/fonts/type1/public/lm/lmbx7.pfb><C:/Users/tanya/AppData/Local/Programs/MiKTeX/fonts/type1/public/lm/lmbx9.pfb><C:/Users/tanya/AppData/Local/Programs/MiKTeX/fonts/type1/public/lm/lmmi10.pfb><C:/Users/tanya/AppData/Local/Programs/MiKTeX/fonts/type1/public/lm/lmr10.pfb><C:/Users/tanya/AppData/Local/Programs/MiKTeX/fonts/type1/public/lm/lmr7.pfb><C:/Users/tanya/AppData/Local/Programs/MiKTeX/fonts/type1/public/lm/lmr9.pfb><C:/Users/tanya/AppData/Local/Programs/MiKTeX/fonts/type1/public/lm/lmri10.pfb><C:/Users/tanya/AppData/Local/Programs/MiKTeX/fonts/type1/public/lm/lmri12.pfb><C:/Users/tanya/AppData/Local/Programs/MiKTeX/fonts/type1/public/lm/lmsy10.pfb><C:/Users/tanya/AppData/Local/Programs/MiKTeX/fonts/type1/public/lm/lmsy7.pfb><C:/Users/tanya/AppData/Local/Programs/MiKTeX/fonts/type1/public/lm/lmtt10.pfb><C:/Users/tanya/AppData/Local/Programs/MiKTeX/fonts/type1/public/lm/lmtt8.pfb><C:/Users/tanya/AppData/Local/Programs/MiKTeX/fonts/type1/public/lm/lmtt9.pfb>
Output written on main.pdf (23 pages, 2345122 bytes).
PDF statistics:
 490 PDF objects out of 1000 (max. 8388607)
 85 named destinations out of 1000 (max. 500000)
 375 words of extra memory for PDF output out of 10000 (max. 10000000)

